<?xml version="1.0" encoding="utf-8"?>
<!DOCTYPE coverage SYSTEM "http://cobertura.sourceforge.net/xml/coverage-04.dtd">
<coverage line-rate="0.229295003422313" branch-rate="0.233201581027668" lines-covered="335" lines-valid="1461" branches-covered="118" branches-valid="506" complexity="593" version="0" timestamp="1732135968">
  <sources>
    <source>C:\Users\alilj\</source>
  </sources>
  <packages>
    <package name="StedoMedo" line-rate="0.148033924441018" branch-rate="0.224" complexity="561">
      <classes>
        <class name="Program" filename="C:\Users\alilj\Desktop\StedoMedo\VVS-24-25-Projekat\StedoMedo\StedoMedo\Program.cs" line-rate="0" branch-rate="0" complexity="18">
          <methods>
            <method name="&lt;Main&gt;$" signature="(...)" line-rate="0" branch-rate="0" complexity="18">
              <lines>
                <line number="9" hits="0" branch="false" />
                <line number="12" hits="0" branch="false" />
                <line number="13" hits="0" branch="false" />
                <line number="15" hits="0" branch="false" />
                <line number="16" hits="0" branch="false" />
                <line number="17" hits="0" branch="false" />
                <line number="19" hits="0" branch="false" />
                <line number="21" hits="0" branch="true" condition-coverage="0% (0/2)" />
                <line number="22" hits="0" branch="false" />
                <line number="23" hits="0" branch="false" />
                <line number="24" hits="0" branch="false" />
                <line number="25" hits="0" branch="false" />
                <line number="26" hits="0" branch="false" />
                <line number="27" hits="0" branch="false" />
                <line number="28" hits="0" branch="false" />
                <line number="29" hits="0" branch="false" />
                <line number="30" hits="0" branch="false" />
                <line number="31" hits="0" branch="true" condition-coverage="0% (0/2)" />
                <line number="32" hits="0" branch="true" condition-coverage="0% (0/12)" />
                <line number="35" hits="0" branch="false" />
                <line number="36" hits="0" branch="false" />
                <line number="37" hits="0" branch="false" />
                <line number="38" hits="0" branch="false" />
                <line number="40" hits="0" branch="false" />
                <line number="41" hits="0" branch="false" />
                <line number="42" hits="0" branch="false" />
                <line number="43" hits="0" branch="false" />
                <line number="45" hits="0" branch="false" />
                <line number="46" hits="0" branch="false" />
                <line number="47" hits="0" branch="false" />
                <line number="48" hits="0" branch="false" />
                <line number="51" hits="0" branch="false" />
                <line number="52" hits="0" branch="false" />
                <line number="53" hits="0" branch="false" />
                <line number="54" hits="0" branch="false" />
                <line number="55" hits="0" branch="false" />
                <line number="56" hits="0" branch="true" condition-coverage="0% (0/2)" />
                <line number="57" hits="0" branch="false" />
                <line number="58" hits="0" branch="false" />
                <line number="59" hits="0" branch="false" />
                <line number="60" hits="0" branch="false" />
                <line number="61" hits="0" branch="false" />
                <line number="62" hits="0" branch="false" />
                <line number="63" hits="0" branch="false" />
                <line number="65" hits="0" branch="false" />
                <line number="66" hits="0" branch="false" />
                <line number="67" hits="0" branch="false" />
                <line number="69" hits="0" branch="false" />
                <line number="70" hits="0" branch="false" />
                <line number="72" hits="0" branch="false" />
                <line number="73" hits="0" branch="false" />
                <line number="75" hits="0" branch="false" />
                <line number="76" hits="0" branch="false" />
              </lines>
            </method>
          </methods>
          <lines>
            <line number="9" hits="0" branch="false" />
            <line number="12" hits="0" branch="false" />
            <line number="13" hits="0" branch="false" />
            <line number="15" hits="0" branch="false" />
            <line number="16" hits="0" branch="false" />
            <line number="17" hits="0" branch="false" />
            <line number="19" hits="0" branch="false" />
            <line number="21" hits="0" branch="true" condition-coverage="0% (0/2)" />
            <line number="22" hits="0" branch="false" />
            <line number="23" hits="0" branch="false" />
            <line number="24" hits="0" branch="false" />
            <line number="25" hits="0" branch="false" />
            <line number="26" hits="0" branch="false" />
            <line number="27" hits="0" branch="false" />
            <line number="28" hits="0" branch="false" />
            <line number="29" hits="0" branch="false" />
            <line number="30" hits="0" branch="false" />
            <line number="31" hits="0" branch="true" condition-coverage="0% (0/2)" />
            <line number="32" hits="0" branch="true" condition-coverage="0% (0/12)" />
            <line number="35" hits="0" branch="false" />
            <line number="36" hits="0" branch="false" />
            <line number="37" hits="0" branch="false" />
            <line number="38" hits="0" branch="false" />
            <line number="40" hits="0" branch="false" />
            <line number="41" hits="0" branch="false" />
            <line number="42" hits="0" branch="false" />
            <line number="43" hits="0" branch="false" />
            <line number="45" hits="0" branch="false" />
            <line number="46" hits="0" branch="false" />
            <line number="47" hits="0" branch="false" />
            <line number="48" hits="0" branch="false" />
            <line number="51" hits="0" branch="false" />
            <line number="52" hits="0" branch="false" />
            <line number="53" hits="0" branch="false" />
            <line number="54" hits="0" branch="false" />
            <line number="55" hits="0" branch="false" />
            <line number="56" hits="0" branch="true" condition-coverage="0% (0/2)" />
            <line number="57" hits="0" branch="false" />
            <line number="58" hits="0" branch="false" />
            <line number="59" hits="0" branch="false" />
            <line number="60" hits="0" branch="false" />
            <line number="61" hits="0" branch="false" />
            <line number="62" hits="0" branch="false" />
            <line number="63" hits="0" branch="false" />
            <line number="65" hits="0" branch="false" />
            <line number="66" hits="0" branch="false" />
            <line number="67" hits="0" branch="false" />
            <line number="69" hits="0" branch="false" />
            <line number="70" hits="0" branch="false" />
            <line number="72" hits="0" branch="false" />
            <line number="73" hits="0" branch="false" />
            <line number="75" hits="0" branch="false" />
            <line number="76" hits="0" branch="false" />
          </lines>
        </class>
        <class name="StedoMedo.Data.DbClass" filename="C:\Users\alilj\Desktop\StedoMedo\VVS-24-25-Projekat\StedoMedo\StedoMedo\Data\DbClass.cs" line-rate="0.608695652173913" branch-rate="0" complexity="9">
          <methods>
            <method name="get_Korisnici" signature="()" line-rate="1" branch-rate="1" complexity="1">
              <lines>
                <line number="12" hits="82" branch="false" />
              </lines>
            </method>
            <method name="get_Troskovi" signature="()" line-rate="1" branch-rate="1" complexity="1">
              <lines>
                <line number="13" hits="259" branch="false" />
              </lines>
            </method>
            <method name="get_Budzeti" signature="()" line-rate="1" branch-rate="1" complexity="1">
              <lines>
                <line number="14" hits="41" branch="false" />
              </lines>
            </method>
            <method name="AddKorisnik" signature="(...)" line-rate="1" branch-rate="1" complexity="1">
              <lines>
                <line number="20" hits="41" branch="false" />
                <line number="21" hits="41" branch="false" />
                <line number="22" hits="41" branch="false" />
              </lines>
            </method>
            <method name="AddTrosak" signature="(...)" line-rate="1" branch-rate="1" complexity="1">
              <lines>
                <line number="23" hits="201" branch="false" />
                <line number="24" hits="201" branch="false" />
                <line number="25" hits="201" branch="false" />
              </lines>
            </method>
            <method name="AddBudzet" signature="(...)" line-rate="0" branch-rate="1" complexity="1">
              <lines>
                <line number="26" hits="0" branch="false" />
                <line number="27" hits="0" branch="false" />
                <line number="28" hits="0" branch="false" />
              </lines>
            </method>
            <method name="GetNextKorisnikId" signature="()" line-rate="0" branch-rate="0" complexity="2">
              <lines>
                <line number="30" hits="0" branch="false" />
                <line number="31" hits="0" branch="true" condition-coverage="0% (0/2)" />
                <line number="32" hits="0" branch="false" />
                <line number="34" hits="0" branch="false" />
                <line number="35" hits="0" branch="false" />
                <line number="36" hits="0" branch="false" />
              </lines>
            </method>
            <method name=".ctor" signature="()" line-rate="1" branch-rate="1" complexity="1">
              <lines>
                <line number="15" hits="82" branch="false" />
                <line number="16" hits="41" branch="false" />
                <line number="17" hits="41" branch="false" />
                <line number="18" hits="41" branch="false" />
                <line number="19" hits="41" branch="false" />
              </lines>
            </method>
          </methods>
          <lines>
            <line number="12" hits="82" branch="false" />
            <line number="13" hits="259" branch="false" />
            <line number="14" hits="41" branch="false" />
            <line number="15" hits="82" branch="false" />
            <line number="16" hits="41" branch="false" />
            <line number="17" hits="41" branch="false" />
            <line number="18" hits="41" branch="false" />
            <line number="19" hits="41" branch="false" />
            <line number="20" hits="41" branch="false" />
            <line number="21" hits="41" branch="false" />
            <line number="22" hits="41" branch="false" />
            <line number="23" hits="201" branch="false" />
            <line number="24" hits="201" branch="false" />
            <line number="25" hits="201" branch="false" />
            <line number="26" hits="0" branch="false" />
            <line number="27" hits="0" branch="false" />
            <line number="28" hits="0" branch="false" />
            <line number="30" hits="0" branch="false" />
            <line number="31" hits="0" branch="true" condition-coverage="0% (0/2)" />
            <line number="32" hits="0" branch="false" />
            <line number="34" hits="0" branch="false" />
            <line number="35" hits="0" branch="false" />
            <line number="36" hits="0" branch="false" />
          </lines>
        </class>
        <class name="StedoMedo.Models.Budzet" filename="C:\Users\alilj\Desktop\StedoMedo\VVS-24-25-Projekat\StedoMedo\StedoMedo\Models\Budzet.cs" line-rate="0" branch-rate="1" complexity="7">
          <methods>
            <method name="get_Id" signature="()" line-rate="0" branch-rate="1" complexity="1">
              <lines>
                <line number="11" hits="0" branch="false" />
              </lines>
            </method>
            <method name="get_Korisnik" signature="()" line-rate="0" branch-rate="1" complexity="1">
              <lines>
                <line number="12" hits="0" branch="false" />
              </lines>
            </method>
            <method name="get_PocetakPerioda" signature="()" line-rate="0" branch-rate="1" complexity="1">
              <lines>
                <line number="13" hits="0" branch="false" />
              </lines>
            </method>
            <method name="get_KrajPerioda" signature="()" line-rate="0" branch-rate="1" complexity="1">
              <lines>
                <line number="14" hits="0" branch="false" />
              </lines>
            </method>
            <method name="get_Iznos" signature="()" line-rate="0" branch-rate="1" complexity="1">
              <lines>
                <line number="15" hits="0" branch="false" />
              </lines>
            </method>
            <method name="ToString" signature="()" line-rate="0" branch-rate="1" complexity="1">
              <lines>
                <line number="25" hits="0" branch="false" />
                <line number="26" hits="0" branch="false" />
                <line number="27" hits="0" branch="false" />
                <line number="28" hits="0" branch="false" />
              </lines>
            </method>
            <method name=".ctor" signature="(...)" line-rate="0" branch-rate="1" complexity="1">
              <lines>
                <line number="16" hits="0" branch="false" />
                <line number="17" hits="0" branch="false" />
                <line number="18" hits="0" branch="false" />
                <line number="19" hits="0" branch="false" />
                <line number="20" hits="0" branch="false" />
                <line number="21" hits="0" branch="false" />
                <line number="22" hits="0" branch="false" />
                <line number="23" hits="0" branch="false" />
              </lines>
            </method>
          </methods>
          <lines>
            <line number="11" hits="0" branch="false" />
            <line number="12" hits="0" branch="false" />
            <line number="13" hits="0" branch="false" />
            <line number="14" hits="0" branch="false" />
            <line number="15" hits="0" branch="false" />
            <line number="16" hits="0" branch="false" />
            <line number="17" hits="0" branch="false" />
            <line number="18" hits="0" branch="false" />
            <line number="19" hits="0" branch="false" />
            <line number="20" hits="0" branch="false" />
            <line number="21" hits="0" branch="false" />
            <line number="22" hits="0" branch="false" />
            <line number="23" hits="0" branch="false" />
            <line number="25" hits="0" branch="false" />
            <line number="26" hits="0" branch="false" />
            <line number="27" hits="0" branch="false" />
            <line number="28" hits="0" branch="false" />
          </lines>
        </class>
        <class name="StedoMedo.Models.Korisnik" filename="C:\Users\alilj\Desktop\StedoMedo\VVS-24-25-Projekat\StedoMedo\StedoMedo\Models\Korisnik.cs" line-rate="0.85" branch-rate="1" complexity="9">
          <methods>
            <method name="get_Id" signature="()" line-rate="1" branch-rate="1" complexity="1">
              <lines>
                <line number="13" hits="41" branch="false" />
              </lines>
            </method>
            <method name="get_Username" signature="()" line-rate="1" branch-rate="1" complexity="1">
              <lines>
                <line number="17" hits="41" branch="false" />
              </lines>
            </method>
            <method name="get_Ime" signature="()" line-rate="1" branch-rate="1" complexity="1">
              <lines>
                <line number="21" hits="41" branch="false" />
              </lines>
            </method>
            <method name="get_Prezime" signature="()" line-rate="1" branch-rate="1" complexity="1">
              <lines>
                <line number="25" hits="41" branch="false" />
              </lines>
            </method>
            <method name="get_Telefon" signature="()" line-rate="1" branch-rate="1" complexity="1">
              <lines>
                <line number="29" hits="41" branch="false" />
              </lines>
            </method>
            <method name="get_Email" signature="()" line-rate="1" branch-rate="1" complexity="1">
              <lines>
                <line number="33" hits="41" branch="false" />
              </lines>
            </method>
            <method name="get_SifraHash" signature="()" line-rate="1" branch-rate="1" complexity="1">
              <lines>
                <line number="34" hits="41" branch="false" />
              </lines>
            </method>
            <method name="ToString" signature="()" line-rate="0" branch-rate="1" complexity="1">
              <lines>
                <line number="47" hits="0" branch="false" />
                <line number="48" hits="0" branch="false" />
                <line number="49" hits="0" branch="false" />
              </lines>
            </method>
            <method name=".ctor" signature="(...)" line-rate="1" branch-rate="1" complexity="1">
              <lines>
                <line number="36" hits="41" branch="false" />
                <line number="37" hits="41" branch="false" />
                <line number="38" hits="41" branch="false" />
                <line number="39" hits="41" branch="false" />
                <line number="40" hits="41" branch="false" />
                <line number="41" hits="41" branch="false" />
                <line number="42" hits="41" branch="false" />
                <line number="43" hits="41" branch="false" />
                <line number="44" hits="41" branch="false" />
                <line number="45" hits="41" branch="false" />
              </lines>
            </method>
          </methods>
          <lines>
            <line number="13" hits="41" branch="false" />
            <line number="17" hits="41" branch="false" />
            <line number="21" hits="41" branch="false" />
            <line number="25" hits="41" branch="false" />
            <line number="29" hits="41" branch="false" />
            <line number="33" hits="41" branch="false" />
            <line number="34" hits="41" branch="false" />
            <line number="36" hits="41" branch="false" />
            <line number="37" hits="41" branch="false" />
            <line number="38" hits="41" branch="false" />
            <line number="39" hits="41" branch="false" />
            <line number="40" hits="41" branch="false" />
            <line number="41" hits="41" branch="false" />
            <line number="42" hits="41" branch="false" />
            <line number="43" hits="41" branch="false" />
            <line number="44" hits="41" branch="false" />
            <line number="45" hits="41" branch="false" />
            <line number="47" hits="0" branch="false" />
            <line number="48" hits="0" branch="false" />
            <line number="49" hits="0" branch="false" />
          </lines>
        </class>
        <class name="StedoMedo.Models.KriterijSortiranja" filename="C:\Users\alilj\Desktop\StedoMedo\VVS-24-25-Projekat\StedoMedo\StedoMedo\Models\KriterijSortiranja.cs" line-rate="0" branch-rate="1" complexity="3">
          <methods>
            <method name="get_KriterijPoredjenja" signature="()" line-rate="0" branch-rate="1" complexity="1">
              <lines>
                <line number="59" hits="0" branch="false" />
              </lines>
            </method>
            <method name="get_SmjerSortiranja" signature="()" line-rate="0" branch-rate="1" complexity="1">
              <lines>
                <line number="60" hits="0" branch="false" />
              </lines>
            </method>
            <method name=".ctor" signature="(...)" line-rate="0" branch-rate="1" complexity="1">
              <lines>
                <line number="61" hits="0" branch="false" />
                <line number="62" hits="0" branch="false" />
                <line number="63" hits="0" branch="false" />
                <line number="64" hits="0" branch="false" />
              </lines>
            </method>
          </methods>
          <lines>
            <line number="59" hits="0" branch="false" />
            <line number="60" hits="0" branch="false" />
            <line number="61" hits="0" branch="false" />
            <line number="62" hits="0" branch="false" />
            <line number="63" hits="0" branch="false" />
            <line number="64" hits="0" branch="false" />
          </lines>
        </class>
        <class name="StedoMedo.Models.MetodeSortiranja" filename="C:\Users\alilj\Desktop\StedoMedo\VVS-24-25-Projekat\StedoMedo\StedoMedo\Models\KriterijSortiranja.cs" line-rate="0" branch-rate="0" complexity="40">
          <methods>
            <method name="SortirajPoId" signature="(...)" line-rate="0" branch-rate="0" complexity="10">
              <lines>
                <line number="17" hits="0" branch="false" />
                <line number="18" hits="0" branch="true" condition-coverage="0% (0/2)" />
                <line number="19" hits="0" branch="false" />
                <line number="20" hits="0" branch="true" condition-coverage="0% (0/4)" />
                <line number="21" hits="0" branch="false" />
                <line number="22" hits="0" branch="true" condition-coverage="0% (0/4)" />
                <line number="23" hits="0" branch="false" />
                <line number="24" hits="0" branch="false" />
                <line number="25" hits="0" branch="false" />
              </lines>
            </method>
            <method name="SortirajPoDatumu" signature="(...)" line-rate="0" branch-rate="0" complexity="10">
              <lines>
                <line number="27" hits="0" branch="false" />
                <line number="28" hits="0" branch="true" condition-coverage="0% (0/2)" />
                <line number="29" hits="0" branch="false" />
                <line number="30" hits="0" branch="true" condition-coverage="0% (0/4)" />
                <line number="31" hits="0" branch="false" />
                <line number="32" hits="0" branch="true" condition-coverage="0% (0/4)" />
                <line number="33" hits="0" branch="false" />
                <line number="34" hits="0" branch="false" />
                <line number="35" hits="0" branch="false" />
              </lines>
            </method>
            <method name="SortirajPoIznosu" signature="(...)" line-rate="0" branch-rate="0" complexity="10">
              <lines>
                <line number="37" hits="0" branch="false" />
                <line number="38" hits="0" branch="true" condition-coverage="0% (0/2)" />
                <line number="39" hits="0" branch="false" />
                <line number="40" hits="0" branch="true" condition-coverage="0% (0/4)" />
                <line number="41" hits="0" branch="false" />
                <line number="42" hits="0" branch="true" condition-coverage="0% (0/4)" />
                <line number="43" hits="0" branch="false" />
                <line number="44" hits="0" branch="false" />
                <line number="45" hits="0" branch="false" />
              </lines>
            </method>
            <method name="SortirajPoKategoriji" signature="(...)" line-rate="0" branch-rate="0" complexity="10">
              <lines>
                <line number="47" hits="0" branch="false" />
                <line number="48" hits="0" branch="true" condition-coverage="0% (0/2)" />
                <line number="49" hits="0" branch="false" />
                <line number="50" hits="0" branch="true" condition-coverage="0% (0/4)" />
                <line number="51" hits="0" branch="false" />
                <line number="52" hits="0" branch="true" condition-coverage="0% (0/4)" />
                <line number="53" hits="0" branch="false" />
                <line number="54" hits="0" branch="false" />
                <line number="55" hits="0" branch="false" />
              </lines>
            </method>
          </methods>
          <lines>
            <line number="17" hits="0" branch="false" />
            <line number="18" hits="0" branch="true" condition-coverage="0% (0/2)" />
            <line number="19" hits="0" branch="false" />
            <line number="20" hits="0" branch="true" condition-coverage="0% (0/4)" />
            <line number="21" hits="0" branch="false" />
            <line number="22" hits="0" branch="true" condition-coverage="0% (0/4)" />
            <line number="23" hits="0" branch="false" />
            <line number="24" hits="0" branch="false" />
            <line number="25" hits="0" branch="false" />
            <line number="27" hits="0" branch="false" />
            <line number="28" hits="0" branch="true" condition-coverage="0% (0/2)" />
            <line number="29" hits="0" branch="false" />
            <line number="30" hits="0" branch="true" condition-coverage="0% (0/4)" />
            <line number="31" hits="0" branch="false" />
            <line number="32" hits="0" branch="true" condition-coverage="0% (0/4)" />
            <line number="33" hits="0" branch="false" />
            <line number="34" hits="0" branch="false" />
            <line number="35" hits="0" branch="false" />
            <line number="37" hits="0" branch="false" />
            <line number="38" hits="0" branch="true" condition-coverage="0% (0/2)" />
            <line number="39" hits="0" branch="false" />
            <line number="40" hits="0" branch="true" condition-coverage="0% (0/4)" />
            <line number="41" hits="0" branch="false" />
            <line number="42" hits="0" branch="true" condition-coverage="0% (0/4)" />
            <line number="43" hits="0" branch="false" />
            <line number="44" hits="0" branch="false" />
            <line number="45" hits="0" branch="false" />
            <line number="47" hits="0" branch="false" />
            <line number="48" hits="0" branch="true" condition-coverage="0% (0/2)" />
            <line number="49" hits="0" branch="false" />
            <line number="50" hits="0" branch="true" condition-coverage="0% (0/4)" />
            <line number="51" hits="0" branch="false" />
            <line number="52" hits="0" branch="true" condition-coverage="0% (0/4)" />
            <line number="53" hits="0" branch="false" />
            <line number="54" hits="0" branch="false" />
            <line number="55" hits="0" branch="false" />
          </lines>
        </class>
        <class name="StedoMedo.Models.Trosak" filename="C:\Users\alilj\Desktop\StedoMedo\VVS-24-25-Projekat\StedoMedo\StedoMedo\Models\Trosak.cs" line-rate="0.833333333333333" branch-rate="1" complexity="8">
          <methods>
            <method name="get_Id" signature="()" line-rate="1" branch-rate="1" complexity="1">
              <lines>
                <line number="11" hits="201" branch="false" />
              </lines>
            </method>
            <method name="get_Korisnik" signature="()" line-rate="1" branch-rate="1" complexity="1">
              <lines>
                <line number="12" hits="267" branch="false" />
              </lines>
            </method>
            <method name="get_DatumIVrijeme" signature="()" line-rate="1" branch-rate="1" complexity="1">
              <lines>
                <line number="13" hits="328" branch="false" />
              </lines>
            </method>
            <method name="get_Iznos" signature="()" line-rate="1" branch-rate="1" complexity="1">
              <lines>
                <line number="14" hits="237" branch="false" />
              </lines>
            </method>
            <method name="get_KategorijaTroska" signature="()" line-rate="1" branch-rate="1" complexity="1">
              <lines>
                <line number="15" hits="244" branch="false" />
              </lines>
            </method>
            <method name="get_Opis" signature="()" line-rate="1" branch-rate="1" complexity="1">
              <lines>
                <line number="16" hits="201" branch="false" />
              </lines>
            </method>
            <method name="ToString" signature="()" line-rate="0" branch-rate="1" complexity="1">
              <lines>
                <line number="27" hits="0" branch="false" />
                <line number="28" hits="0" branch="false" />
                <line number="29" hits="0" branch="false" />
              </lines>
            </method>
            <method name=".ctor" signature="(...)" line-rate="1" branch-rate="1" complexity="1">
              <lines>
                <line number="17" hits="201" branch="false" />
                <line number="18" hits="201" branch="false" />
                <line number="19" hits="201" branch="false" />
                <line number="20" hits="201" branch="false" />
                <line number="21" hits="201" branch="false" />
                <line number="22" hits="201" branch="false" />
                <line number="23" hits="201" branch="false" />
                <line number="24" hits="201" branch="false" />
                <line number="25" hits="201" branch="false" />
              </lines>
            </method>
          </methods>
          <lines>
            <line number="11" hits="201" branch="false" />
            <line number="12" hits="267" branch="false" />
            <line number="13" hits="328" branch="false" />
            <line number="14" hits="237" branch="false" />
            <line number="15" hits="244" branch="false" />
            <line number="16" hits="201" branch="false" />
            <line number="17" hits="201" branch="false" />
            <line number="18" hits="201" branch="false" />
            <line number="19" hits="201" branch="false" />
            <line number="20" hits="201" branch="false" />
            <line number="21" hits="201" branch="false" />
            <line number="22" hits="201" branch="false" />
            <line number="23" hits="201" branch="false" />
            <line number="24" hits="201" branch="false" />
            <line number="25" hits="201" branch="false" />
            <line number="27" hits="0" branch="false" />
            <line number="28" hits="0" branch="false" />
            <line number="29" hits="0" branch="false" />
          </lines>
        </class>
        <class name="StedoMedo.Services.BudzetService" filename="C:\Users\alilj\Desktop\StedoMedo\VVS-24-25-Projekat\StedoMedo\StedoMedo\Services\BudzetService.cs" line-rate="0" branch-rate="0" complexity="49">
          <methods>
            <method name="PreostaloStanjeBudzeta" signature="(...)" line-rate="0" branch-rate="0" complexity="28">
              <lines>
                <line number="24" hits="0" branch="false" />
                <line number="25" hits="0" branch="true" condition-coverage="0% (0/2)" />
                <line number="26" hits="0" branch="false" />
                <line number="27" hits="0" branch="false" />
                <line number="30" hits="0" branch="false" />
                <line number="31" hits="0" branch="true" condition-coverage="0% (0/2)" />
                <line number="32" hits="0" branch="false" />
                <line number="33" hits="0" branch="true" condition-coverage="0% (0/2)" />
                <line number="34" hits="0" branch="false" />
                <line number="35" hits="0" branch="false" />
                <line number="36" hits="0" branch="false" />
                <line number="38" hits="0" branch="false" />
                <line number="40" hits="0" branch="true" condition-coverage="0% (0/2)" />
                <line number="41" hits="0" branch="false" />
                <line number="42" hits="0" branch="false" />
                <line number="60" hits="0" branch="false" />
                <line number="61" hits="0" branch="false" />
                <line number="63" hits="0" branch="false" />
                <line number="64" hits="0" branch="true" condition-coverage="0% (0/2)" />
                <line number="65" hits="0" branch="false" />
                <line number="66" hits="0" branch="true" condition-coverage="0% (0/4)" />
                <line number="67" hits="0" branch="false" />
                <line number="68" hits="0" branch="false" />
                <line number="69" hits="0" branch="false" />
                <line number="71" hits="0" branch="false" />
                <line number="73" hits="0" branch="true" condition-coverage="0% (0/2)" />
                <line number="74" hits="0" branch="false" />
                <line number="75" hits="0" branch="false" />
                <line number="78" hits="0" branch="true" condition-coverage="0% (0/2)" />
                <line number="79" hits="0" branch="false" />
                <line number="80" hits="0" branch="true" condition-coverage="0% (0/4)" />
                <line number="81" hits="0" branch="false" />
                <line number="82" hits="0" branch="false" />
                <line number="83" hits="0" branch="false" />
                <line number="84" hits="0" branch="false" />
                <line number="86" hits="0" branch="false" />
                <line number="87" hits="0" branch="true" condition-coverage="0% (0/2)" />
                <line number="88" hits="0" branch="false" />
                <line number="89" hits="0" branch="true" condition-coverage="0% (0/4)" />
                <line number="90" hits="0" branch="false" />
                <line number="91" hits="0" branch="false" />
                <line number="92" hits="0" branch="false" />
                <line number="93" hits="0" branch="false" />
                <line number="95" hits="0" branch="false" />
                <line number="96" hits="0" branch="false" />
              </lines>
            </method>
            <method name="DodajBudzet" signature="(...)" line-rate="0" branch-rate="0" complexity="4">
              <lines>
                <line number="99" hits="0" branch="false" />
                <line number="100" hits="0" branch="true" condition-coverage="0% (0/2)" />
                <line number="101" hits="0" branch="true" condition-coverage="0% (0/2)" />
                <line number="102" hits="0" branch="false" />
                <line number="103" hits="0" branch="false" />
                <line number="104" hits="0" branch="false" />
                <line number="105" hits="0" branch="false" />
              </lines>
            </method>
            <method name="ObrisiBudzet" signature="(...)" line-rate="0" branch-rate="0" complexity="6">
              <lines>
                <line number="107" hits="0" branch="false" />
                <line number="108" hits="0" branch="true" condition-coverage="0% (0/2)" />
                <line number="109" hits="0" branch="true" condition-coverage="0% (0/2)" />
                <line number="110" hits="0" branch="true" condition-coverage="0% (0/2)" />
                <line number="111" hits="0" branch="false" />
                <line number="112" hits="0" branch="false" />
                <line number="113" hits="0" branch="false" />
                <line number="115" hits="0" branch="false" />
                <line number="116" hits="0" branch="false" />
              </lines>
            </method>
            <method name="IzmjeniBudzet" signature="(...)" line-rate="0" branch-rate="0" complexity="8">
              <lines>
                <line number="118" hits="0" branch="false" />
                <line number="119" hits="0" branch="true" condition-coverage="0% (0/2)" />
                <line number="120" hits="0" branch="true" condition-coverage="0% (0/2)" />
                <line number="121" hits="0" branch="true" condition-coverage="0% (0/2)" />
                <line number="122" hits="0" branch="true" condition-coverage="0% (0/2)" />
                <line number="123" hits="0" branch="false" />
                <line number="124" hits="0" branch="false" />
                <line number="125" hits="0" branch="false" />
                <line number="126" hits="0" branch="false" />
                <line number="127" hits="0" branch="false" />
                <line number="128" hits="0" branch="false" />
                <line number="129" hits="0" branch="false" />
                <line number="131" hits="0" branch="false" />
                <line number="132" hits="0" branch="false" />
              </lines>
            </method>
            <method name="ProvjeraPostojanja" signature="(...)" line-rate="0" branch-rate="0" complexity="2">
              <lines>
                <line number="134" hits="0" branch="false" />
                <line number="135" hits="0" branch="true" condition-coverage="0% (0/2)" />
                <line number="136" hits="0" branch="false" />
              </lines>
            </method>
            <method name=".ctor" signature="(...)" line-rate="0" branch-rate="1" complexity="1">
              <lines>
                <line number="18" hits="0" branch="false" />
                <line number="19" hits="0" branch="false" />
                <line number="20" hits="0" branch="false" />
                <line number="21" hits="0" branch="false" />
              </lines>
            </method>
          </methods>
          <lines>
            <line number="18" hits="0" branch="false" />
            <line number="19" hits="0" branch="false" />
            <line number="20" hits="0" branch="false" />
            <line number="21" hits="0" branch="false" />
            <line number="24" hits="0" branch="false" />
            <line number="25" hits="0" branch="true" condition-coverage="0% (0/2)" />
            <line number="26" hits="0" branch="false" />
            <line number="27" hits="0" branch="false" />
            <line number="30" hits="0" branch="false" />
            <line number="31" hits="0" branch="true" condition-coverage="0% (0/2)" />
            <line number="32" hits="0" branch="false" />
            <line number="33" hits="0" branch="true" condition-coverage="0% (0/2)" />
            <line number="34" hits="0" branch="false" />
            <line number="35" hits="0" branch="false" />
            <line number="36" hits="0" branch="false" />
            <line number="38" hits="0" branch="false" />
            <line number="40" hits="0" branch="true" condition-coverage="0% (0/2)" />
            <line number="41" hits="0" branch="false" />
            <line number="42" hits="0" branch="false" />
            <line number="60" hits="0" branch="false" />
            <line number="61" hits="0" branch="false" />
            <line number="63" hits="0" branch="false" />
            <line number="64" hits="0" branch="true" condition-coverage="0% (0/2)" />
            <line number="65" hits="0" branch="false" />
            <line number="66" hits="0" branch="true" condition-coverage="0% (0/4)" />
            <line number="67" hits="0" branch="false" />
            <line number="68" hits="0" branch="false" />
            <line number="69" hits="0" branch="false" />
            <line number="71" hits="0" branch="false" />
            <line number="73" hits="0" branch="true" condition-coverage="0% (0/2)" />
            <line number="74" hits="0" branch="false" />
            <line number="75" hits="0" branch="false" />
            <line number="78" hits="0" branch="true" condition-coverage="0% (0/2)" />
            <line number="79" hits="0" branch="false" />
            <line number="80" hits="0" branch="true" condition-coverage="0% (0/4)" />
            <line number="81" hits="0" branch="false" />
            <line number="82" hits="0" branch="false" />
            <line number="83" hits="0" branch="false" />
            <line number="84" hits="0" branch="false" />
            <line number="86" hits="0" branch="false" />
            <line number="87" hits="0" branch="true" condition-coverage="0% (0/2)" />
            <line number="88" hits="0" branch="false" />
            <line number="89" hits="0" branch="true" condition-coverage="0% (0/4)" />
            <line number="90" hits="0" branch="false" />
            <line number="91" hits="0" branch="false" />
            <line number="92" hits="0" branch="false" />
            <line number="93" hits="0" branch="false" />
            <line number="95" hits="0" branch="false" />
            <line number="96" hits="0" branch="false" />
            <line number="99" hits="0" branch="false" />
            <line number="100" hits="0" branch="true" condition-coverage="0% (0/2)" />
            <line number="101" hits="0" branch="true" condition-coverage="0% (0/2)" />
            <line number="102" hits="0" branch="false" />
            <line number="103" hits="0" branch="false" />
            <line number="104" hits="0" branch="false" />
            <line number="105" hits="0" branch="false" />
            <line number="107" hits="0" branch="false" />
            <line number="108" hits="0" branch="true" condition-coverage="0% (0/2)" />
            <line number="109" hits="0" branch="true" condition-coverage="0% (0/2)" />
            <line number="110" hits="0" branch="true" condition-coverage="0% (0/2)" />
            <line number="111" hits="0" branch="false" />
            <line number="112" hits="0" branch="false" />
            <line number="113" hits="0" branch="false" />
            <line number="115" hits="0" branch="false" />
            <line number="116" hits="0" branch="false" />
            <line number="118" hits="0" branch="false" />
            <line number="119" hits="0" branch="true" condition-coverage="0% (0/2)" />
            <line number="120" hits="0" branch="true" condition-coverage="0% (0/2)" />
            <line number="121" hits="0" branch="true" condition-coverage="0% (0/2)" />
            <line number="122" hits="0" branch="true" condition-coverage="0% (0/2)" />
            <line number="123" hits="0" branch="false" />
            <line number="124" hits="0" branch="false" />
            <line number="125" hits="0" branch="false" />
            <line number="126" hits="0" branch="false" />
            <line number="127" hits="0" branch="false" />
            <line number="128" hits="0" branch="false" />
            <line number="129" hits="0" branch="false" />
            <line number="131" hits="0" branch="false" />
            <line number="132" hits="0" branch="false" />
            <line number="134" hits="0" branch="false" />
            <line number="135" hits="0" branch="true" condition-coverage="0% (0/2)" />
            <line number="136" hits="0" branch="false" />
          </lines>
        </class>
        <class name="StedoMedo.Services.ServisAutentifikacija.ServisAutentifikacija" filename="C:\Users\alilj\Desktop\StedoMedo\VVS-24-25-Projekat\StedoMedo\StedoMedo\Services\ServisAutentifikacija\ServisAutentifikacija.cs" line-rate="0" branch-rate="0" complexity="30">
          <methods>
            <method name="KreirajKorisnika" signature="(...)" line-rate="0" branch-rate="0" complexity="4">
              <lines>
                <line number="20" hits="0" branch="false" />
                <line number="21" hits="0" branch="true" condition-coverage="0% (0/2)" />
                <line number="22" hits="0" branch="false" />
                <line number="23" hits="0" branch="false" />
                <line number="24" hits="0" branch="false" />
                <line number="27" hits="0" branch="false" />
                <line number="29" hits="0" branch="true" condition-coverage="0% (0/2)" />
                <line number="30" hits="0" branch="false" />
                <line number="31" hits="0" branch="false" />
                <line number="32" hits="0" branch="false" />
                <line number="33" hits="0" branch="false" />
                <line number="34" hits="0" branch="false" />
                <line number="35" hits="0" branch="false" />
                <line number="36" hits="0" branch="false" />
                <line number="37" hits="0" branch="false" />
                <line number="38" hits="0" branch="false" />
                <line number="40" hits="0" branch="false" />
                <line number="41" hits="0" branch="false" />
                <line number="42" hits="0" branch="false" />
              </lines>
            </method>
            <method name="PrijaviKorisnika" signature="(...)" line-rate="0" branch-rate="0" complexity="2">
              <lines>
                <line number="45" hits="0" branch="false" />
                <line number="46" hits="0" branch="false" />
                <line number="48" hits="0" branch="true" condition-coverage="0% (0/2)" />
                <line number="49" hits="0" branch="false" />
              </lines>
            </method>
            <method name="OdjaviKorisnika" signature="(...)" line-rate="0" branch-rate="1" complexity="1">
              <lines>
                <line number="52" hits="0" branch="false" />
                <line number="53" hits="0" branch="false" />
                <line number="54" hits="0" branch="false" />
              </lines>
            </method>
            <method name="RightRotate" signature="(...)" line-rate="0" branch-rate="1" complexity="1">
              <lines>
                <line number="77" hits="0" branch="false" />
              </lines>
            </method>
            <method name="Hash" signature="(...)" line-rate="0" branch-rate="0" complexity="8">
              <lines>
                <line number="80" hits="0" branch="false" />
                <line number="81" hits="0" branch="false" />
                <line number="82" hits="0" branch="false" />
                <line number="84" hits="0" branch="false" />
                <line number="85" hits="0" branch="false" />
                <line number="86" hits="0" branch="false" />
                <line number="87" hits="0" branch="false" />
                <line number="89" hits="0" branch="true" condition-coverage="0% (0/2)" />
                <line number="90" hits="0" branch="false" />
                <line number="91" hits="0" branch="false" />
                <line number="92" hits="0" branch="false" />
                <line number="93" hits="0" branch="true" condition-coverage="0% (0/2)" />
                <line number="94" hits="0" branch="false" />
                <line number="95" hits="0" branch="false" />
                <line number="96" hits="0" branch="false" />
                <line number="97" hits="0" branch="false" />
                <line number="98" hits="0" branch="false" />
                <line number="100" hits="0" branch="false" />
                <line number="101" hits="0" branch="false" />
                <line number="103" hits="0" branch="true" condition-coverage="0% (0/2)" />
                <line number="104" hits="0" branch="false" />
                <line number="105" hits="0" branch="false" />
                <line number="106" hits="0" branch="false" />
                <line number="107" hits="0" branch="false" />
                <line number="108" hits="0" branch="false" />
                <line number="109" hits="0" branch="false" />
                <line number="110" hits="0" branch="false" />
                <line number="112" hits="0" branch="false" />
                <line number="113" hits="0" branch="false" />
                <line number="114" hits="0" branch="false" />
                <line number="115" hits="0" branch="false" />
                <line number="116" hits="0" branch="false" />
                <line number="117" hits="0" branch="false" />
                <line number="118" hits="0" branch="false" />
                <line number="119" hits="0" branch="false" />
                <line number="120" hits="0" branch="false" />
                <line number="122" hits="0" branch="false" />
                <line number="123" hits="0" branch="false" />
                <line number="124" hits="0" branch="false" />
                <line number="125" hits="0" branch="false" />
                <line number="126" hits="0" branch="false" />
                <line number="127" hits="0" branch="false" />
                <line number="128" hits="0" branch="false" />
                <line number="129" hits="0" branch="false" />
                <line number="130" hits="0" branch="false" />
                <line number="132" hits="0" branch="false" />
                <line number="133" hits="0" branch="true" condition-coverage="0% (0/2)" />
                <line number="134" hits="0" branch="false" />
                <line number="135" hits="0" branch="false" />
                <line number="136" hits="0" branch="false" />
                <line number="137" hits="0" branch="false" />
                <line number="138" hits="0" branch="false" />
              </lines>
            </method>
            <method name="PreProcessData" signature="(...)" line-rate="0" branch-rate="0" complexity="4">
              <lines>
                <line number="141" hits="0" branch="false" />
                <line number="142" hits="0" branch="false" />
                <line number="143" hits="0" branch="false" />
                <line number="144" hits="0" branch="false" />
                <line number="145" hits="0" branch="false" />
                <line number="146" hits="0" branch="false" />
                <line number="147" hits="0" branch="false" />
                <line number="149" hits="0" branch="true" condition-coverage="0% (0/2)" />
                <line number="150" hits="0" branch="false" />
                <line number="151" hits="0" branch="false" />
                <line number="152" hits="0" branch="false" />
                <line number="154" hits="0" branch="false" />
                <line number="155" hits="0" branch="true" condition-coverage="0% (0/2)" />
                <line number="156" hits="0" branch="false" />
                <line number="157" hits="0" branch="false" />
                <line number="158" hits="0" branch="false" />
                <line number="159" hits="0" branch="false" />
                <line number="160" hits="0" branch="false" />
              </lines>
            </method>
            <method name="ObrisiKorisnika" signature="(...)" line-rate="0" branch-rate="0" complexity="8">
              <lines>
                <line number="162" hits="0" branch="false" />
                <line number="164" hits="0" branch="false" />
                <line number="165" hits="0" branch="false" />
                <line number="166" hits="0" branch="false" />
                <line number="167" hits="0" branch="true" condition-coverage="0% (0/2)" />
                <line number="168" hits="0" branch="true" condition-coverage="0% (0/2)" />
                <line number="170" hits="0" branch="false" />
                <line number="171" hits="0" branch="false" />
                <line number="173" hits="0" branch="false" />
                <line number="174" hits="0" branch="false" />
                <line number="175" hits="0" branch="true" condition-coverage="0% (0/2)" />
                <line number="176" hits="0" branch="true" condition-coverage="0% (0/2)" />
                <line number="178" hits="0" branch="false" />
                <line number="179" hits="0" branch="false" />
                <line number="180" hits="0" branch="false" />
                <line number="181" hits="0" branch="false" />
                <line number="183" hits="0" branch="false" />
                <line number="184" hits="0" branch="false" />
                <line number="185" hits="0" branch="false" />
                <line number="186" hits="0" branch="false" />
                <line number="187" hits="0" branch="false" />
                <line number="188" hits="0" branch="false" />
                <line number="189" hits="0" branch="false" />
              </lines>
            </method>
            <method name=".ctor" signature="(...)" line-rate="0" branch-rate="1" complexity="1">
              <lines>
                <line number="14" hits="0" branch="false" />
                <line number="15" hits="0" branch="false" />
                <line number="16" hits="0" branch="false" />
                <line number="17" hits="0" branch="false" />
              </lines>
            </method>
            <method name=".cctor" signature="()" line-rate="0" branch-rate="1" complexity="1">
              <lines>
                <line number="58" hits="0" branch="false" />
                <line number="59" hits="0" branch="false" />
                <line number="60" hits="0" branch="false" />
                <line number="61" hits="0" branch="false" />
                <line number="62" hits="0" branch="false" />
                <line number="63" hits="0" branch="false" />
                <line number="64" hits="0" branch="false" />
                <line number="65" hits="0" branch="false" />
                <line number="66" hits="0" branch="false" />
                <line number="67" hits="0" branch="false" />
                <line number="68" hits="0" branch="false" />
                <line number="69" hits="0" branch="false" />
                <line number="70" hits="0" branch="false" />
                <line number="71" hits="0" branch="false" />
                <line number="72" hits="0" branch="false" />
                <line number="73" hits="0" branch="false" />
                <line number="74" hits="0" branch="false" />
                <line number="75" hits="0" branch="false" />
              </lines>
            </method>
          </methods>
          <lines>
            <line number="14" hits="0" branch="false" />
            <line number="15" hits="0" branch="false" />
            <line number="16" hits="0" branch="false" />
            <line number="17" hits="0" branch="false" />
            <line number="20" hits="0" branch="false" />
            <line number="21" hits="0" branch="true" condition-coverage="0% (0/2)" />
            <line number="22" hits="0" branch="false" />
            <line number="23" hits="0" branch="false" />
            <line number="24" hits="0" branch="false" />
            <line number="27" hits="0" branch="false" />
            <line number="29" hits="0" branch="true" condition-coverage="0% (0/2)" />
            <line number="30" hits="0" branch="false" />
            <line number="31" hits="0" branch="false" />
            <line number="32" hits="0" branch="false" />
            <line number="33" hits="0" branch="false" />
            <line number="34" hits="0" branch="false" />
            <line number="35" hits="0" branch="false" />
            <line number="36" hits="0" branch="false" />
            <line number="37" hits="0" branch="false" />
            <line number="38" hits="0" branch="false" />
            <line number="40" hits="0" branch="false" />
            <line number="41" hits="0" branch="false" />
            <line number="42" hits="0" branch="false" />
            <line number="45" hits="0" branch="false" />
            <line number="46" hits="0" branch="false" />
            <line number="48" hits="0" branch="true" condition-coverage="0% (0/2)" />
            <line number="49" hits="0" branch="false" />
            <line number="52" hits="0" branch="false" />
            <line number="53" hits="0" branch="false" />
            <line number="54" hits="0" branch="false" />
            <line number="58" hits="0" branch="false" />
            <line number="59" hits="0" branch="false" />
            <line number="60" hits="0" branch="false" />
            <line number="61" hits="0" branch="false" />
            <line number="62" hits="0" branch="false" />
            <line number="63" hits="0" branch="false" />
            <line number="64" hits="0" branch="false" />
            <line number="65" hits="0" branch="false" />
            <line number="66" hits="0" branch="false" />
            <line number="67" hits="0" branch="false" />
            <line number="68" hits="0" branch="false" />
            <line number="69" hits="0" branch="false" />
            <line number="70" hits="0" branch="false" />
            <line number="71" hits="0" branch="false" />
            <line number="72" hits="0" branch="false" />
            <line number="73" hits="0" branch="false" />
            <line number="74" hits="0" branch="false" />
            <line number="75" hits="0" branch="false" />
            <line number="77" hits="0" branch="false" />
            <line number="80" hits="0" branch="false" />
            <line number="81" hits="0" branch="false" />
            <line number="82" hits="0" branch="false" />
            <line number="84" hits="0" branch="false" />
            <line number="85" hits="0" branch="false" />
            <line number="86" hits="0" branch="false" />
            <line number="87" hits="0" branch="false" />
            <line number="89" hits="0" branch="true" condition-coverage="0% (0/2)" />
            <line number="90" hits="0" branch="false" />
            <line number="91" hits="0" branch="false" />
            <line number="92" hits="0" branch="false" />
            <line number="93" hits="0" branch="true" condition-coverage="0% (0/2)" />
            <line number="94" hits="0" branch="false" />
            <line number="95" hits="0" branch="false" />
            <line number="96" hits="0" branch="false" />
            <line number="97" hits="0" branch="false" />
            <line number="98" hits="0" branch="false" />
            <line number="100" hits="0" branch="false" />
            <line number="101" hits="0" branch="false" />
            <line number="103" hits="0" branch="true" condition-coverage="0% (0/2)" />
            <line number="104" hits="0" branch="false" />
            <line number="105" hits="0" branch="false" />
            <line number="106" hits="0" branch="false" />
            <line number="107" hits="0" branch="false" />
            <line number="108" hits="0" branch="false" />
            <line number="109" hits="0" branch="false" />
            <line number="110" hits="0" branch="false" />
            <line number="112" hits="0" branch="false" />
            <line number="113" hits="0" branch="false" />
            <line number="114" hits="0" branch="false" />
            <line number="115" hits="0" branch="false" />
            <line number="116" hits="0" branch="false" />
            <line number="117" hits="0" branch="false" />
            <line number="118" hits="0" branch="false" />
            <line number="119" hits="0" branch="false" />
            <line number="120" hits="0" branch="false" />
            <line number="122" hits="0" branch="false" />
            <line number="123" hits="0" branch="false" />
            <line number="124" hits="0" branch="false" />
            <line number="125" hits="0" branch="false" />
            <line number="126" hits="0" branch="false" />
            <line number="127" hits="0" branch="false" />
            <line number="128" hits="0" branch="false" />
            <line number="129" hits="0" branch="false" />
            <line number="130" hits="0" branch="false" />
            <line number="132" hits="0" branch="false" />
            <line number="133" hits="0" branch="true" condition-coverage="0% (0/2)" />
            <line number="134" hits="0" branch="false" />
            <line number="135" hits="0" branch="false" />
            <line number="136" hits="0" branch="false" />
            <line number="137" hits="0" branch="false" />
            <line number="138" hits="0" branch="false" />
            <line number="141" hits="0" branch="false" />
            <line number="142" hits="0" branch="false" />
            <line number="143" hits="0" branch="false" />
            <line number="144" hits="0" branch="false" />
            <line number="145" hits="0" branch="false" />
            <line number="146" hits="0" branch="false" />
            <line number="147" hits="0" branch="false" />
            <line number="149" hits="0" branch="true" condition-coverage="0% (0/2)" />
            <line number="150" hits="0" branch="false" />
            <line number="151" hits="0" branch="false" />
            <line number="152" hits="0" branch="false" />
            <line number="154" hits="0" branch="false" />
            <line number="155" hits="0" branch="true" condition-coverage="0% (0/2)" />
            <line number="156" hits="0" branch="false" />
            <line number="157" hits="0" branch="false" />
            <line number="158" hits="0" branch="false" />
            <line number="159" hits="0" branch="false" />
            <line number="160" hits="0" branch="false" />
            <line number="162" hits="0" branch="false" />
            <line number="164" hits="0" branch="false" />
            <line number="165" hits="0" branch="false" />
            <line number="166" hits="0" branch="false" />
            <line number="167" hits="0" branch="true" condition-coverage="0% (0/2)" />
            <line number="168" hits="0" branch="true" condition-coverage="0% (0/2)" />
            <line number="170" hits="0" branch="false" />
            <line number="171" hits="0" branch="false" />
            <line number="173" hits="0" branch="false" />
            <line number="174" hits="0" branch="false" />
            <line number="175" hits="0" branch="true" condition-coverage="0% (0/2)" />
            <line number="176" hits="0" branch="true" condition-coverage="0% (0/2)" />
            <line number="178" hits="0" branch="false" />
            <line number="179" hits="0" branch="false" />
            <line number="180" hits="0" branch="false" />
            <line number="181" hits="0" branch="false" />
            <line number="183" hits="0" branch="false" />
            <line number="184" hits="0" branch="false" />
            <line number="185" hits="0" branch="false" />
            <line number="186" hits="0" branch="false" />
            <line number="187" hits="0" branch="false" />
            <line number="188" hits="0" branch="false" />
            <line number="189" hits="0" branch="false" />
          </lines>
        </class>
        <class name="StedoMedo.Services.ServisPredvidjanjeTroskova" filename="C:\Users\alilj\Desktop\StedoMedo\VVS-24-25-Projekat\StedoMedo\StedoMedo\Services\ServisPredvidjanjeTroskova.cs" line-rate="0" branch-rate="0" complexity="40">
          <methods>
            <method name="troskoviKorisnika" signature="(...)" line-rate="0" branch-rate="0" complexity="8">
              <lines>
                <line number="22" hits="0" branch="false" />
                <line number="23" hits="0" branch="true" condition-coverage="0% (0/2)" />
                <line number="24" hits="0" branch="false" />
                <line number="25" hits="0" branch="false" />
                <line number="27" hits="0" branch="false" />
                <line number="28" hits="0" branch="true" condition-coverage="0% (0/2)" />
                <line number="29" hits="0" branch="false" />
                <line number="30" hits="0" branch="true" condition-coverage="0% (0/2)" />
                <line number="31" hits="0" branch="false" />
                <line number="32" hits="0" branch="false" />
                <line number="33" hits="0" branch="true" condition-coverage="0% (0/2)" />
                <line number="34" hits="0" branch="false" />
                <line number="35" hits="0" branch="false" />
                <line number="37" hits="0" branch="false" />
                <line number="38" hits="0" branch="false" />
              </lines>
            </method>
            <method name="sortirajPoDanu" signature="(...)" line-rate="0" branch-rate="0" complexity="6">
              <lines>
                <line number="40" hits="0" branch="false" />
                <line number="41" hits="0" branch="false" />
                <line number="42" hits="0" branch="true" condition-coverage="0% (0/2)" />
                <line number="43" hits="0" branch="false" />
                <line number="44" hits="0" branch="true" condition-coverage="0% (0/2)" />
                <line number="45" hits="0" branch="false" />
                <line number="46" hits="0" branch="true" condition-coverage="0% (0/2)" />
                <line number="47" hits="0" branch="false" />
                <line number="48" hits="0" branch="false" />
                <line number="49" hits="0" branch="false" />
                <line number="50" hits="0" branch="false" />
                <line number="51" hits="0" branch="false" />
                <line number="52" hits="0" branch="false" />
                <line number="53" hits="0" branch="false" />
                <line number="54" hits="0" branch="false" />
                <line number="55" hits="0" branch="false" />
              </lines>
            </method>
            <method name="troskoviPoDanu" signature="(...)" line-rate="0" branch-rate="0" complexity="6">
              <lines>
                <line number="57" hits="0" branch="false" />
                <line number="58" hits="0" branch="true" condition-coverage="0% (0/2)" />
                <line number="59" hits="0" branch="false" />
                <line number="60" hits="0" branch="false" />
                <line number="62" hits="0" branch="false" />
                <line number="63" hits="0" branch="false" />
                <line number="64" hits="0" branch="false" />
                <line number="65" hits="0" branch="false" />
                <line number="66" hits="0" branch="false" />
                <line number="67" hits="0" branch="true" condition-coverage="0% (0/2)" />
                <line number="68" hits="0" branch="false" />
                <line number="69" hits="0" branch="true" condition-coverage="0% (0/2)" />
                <line number="70" hits="0" branch="false" />
                <line number="71" hits="0" branch="false" />
                <line number="72" hits="0" branch="false" />
                <line number="74" hits="0" branch="false" />
                <line number="75" hits="0" branch="false" />
                <line number="76" hits="0" branch="false" />
                <line number="77" hits="0" branch="false" />
                <line number="78" hits="0" branch="false" />
                <line number="79" hits="0" branch="false" />
                <line number="80" hits="0" branch="false" />
              </lines>
            </method>
            <method name="generisiKoeficijente" signature="(...)" line-rate="0" branch-rate="0" complexity="8">
              <lines>
                <line number="82" hits="0" branch="false" />
                <line number="83" hits="0" branch="true" condition-coverage="0% (0/2)" />
                <line number="84" hits="0" branch="false" />
                <line number="85" hits="0" branch="false" />
                <line number="87" hits="0" branch="false" />
                <line number="88" hits="0" branch="true" condition-coverage="0% (0/2)" />
                <line number="89" hits="0" branch="false" />
                <line number="90" hits="0" branch="false" />
                <line number="91" hits="0" branch="false" />
                <line number="92" hits="0" branch="false" />
                <line number="93" hits="0" branch="true" condition-coverage="0% (0/2)" />
                <line number="94" hits="0" branch="false" />
                <line number="95" hits="0" branch="true" condition-coverage="0% (0/2)" />
                <line number="96" hits="0" branch="false" />
                <line number="97" hits="0" branch="false" />
                <line number="98" hits="0" branch="false" />
                <line number="99" hits="0" branch="false" />
              </lines>
            </method>
            <method name="ocekivanaVrijednost" signature="(...)" line-rate="0" branch-rate="0" complexity="10">
              <lines>
                <line number="101" hits="0" branch="false" />
                <line number="102" hits="0" branch="true" condition-coverage="0% (0/2)" />
                <line number="103" hits="0" branch="false" />
                <line number="104" hits="0" branch="false" />
                <line number="106" hits="0" branch="true" condition-coverage="0% (0/2)" />
                <line number="107" hits="0" branch="false" />
                <line number="108" hits="0" branch="false" />
                <line number="110" hits="0" branch="true" condition-coverage="0% (0/2)" />
                <line number="111" hits="0" branch="false" />
                <line number="112" hits="0" branch="false" />
                <line number="113" hits="0" branch="false" />
                <line number="114" hits="0" branch="false" />
                <line number="115" hits="0" branch="false" />
                <line number="116" hits="0" branch="true" condition-coverage="0% (0/2)" />
                <line number="117" hits="0" branch="false" />
                <line number="118" hits="0" branch="false" />
                <line number="119" hits="0" branch="false" />
                <line number="120" hits="0" branch="true" condition-coverage="0% (0/2)" />
                <line number="121" hits="0" branch="false" />
                <line number="122" hits="0" branch="false" />
                <line number="123" hits="0" branch="false" />
                <line number="125" hits="0" branch="false" />
                <line number="126" hits="0" branch="false" />
              </lines>
            </method>
            <method name="ProcijeniTroskove" signature="(...)" line-rate="0" branch-rate="1" complexity="1">
              <lines>
                <line number="127" hits="0" branch="false" />
                <line number="128" hits="0" branch="false" />
                <line number="129" hits="0" branch="false" />
                <line number="130" hits="0" branch="false" />
                <line number="131" hits="0" branch="false" />
                <line number="133" hits="0" branch="false" />
              </lines>
            </method>
            <method name=".ctor" signature="(...)" line-rate="0" branch-rate="1" complexity="1">
              <lines>
                <line number="17" hits="0" branch="false" />
                <line number="18" hits="0" branch="false" />
                <line number="19" hits="0" branch="false" />
                <line number="20" hits="0" branch="false" />
              </lines>
            </method>
          </methods>
          <lines>
            <line number="17" hits="0" branch="false" />
            <line number="18" hits="0" branch="false" />
            <line number="19" hits="0" branch="false" />
            <line number="20" hits="0" branch="false" />
            <line number="22" hits="0" branch="false" />
            <line number="23" hits="0" branch="true" condition-coverage="0% (0/2)" />
            <line number="24" hits="0" branch="false" />
            <line number="25" hits="0" branch="false" />
            <line number="27" hits="0" branch="false" />
            <line number="28" hits="0" branch="true" condition-coverage="0% (0/2)" />
            <line number="29" hits="0" branch="false" />
            <line number="30" hits="0" branch="true" condition-coverage="0% (0/2)" />
            <line number="31" hits="0" branch="false" />
            <line number="32" hits="0" branch="false" />
            <line number="33" hits="0" branch="true" condition-coverage="0% (0/2)" />
            <line number="34" hits="0" branch="false" />
            <line number="35" hits="0" branch="false" />
            <line number="37" hits="0" branch="false" />
            <line number="38" hits="0" branch="false" />
            <line number="40" hits="0" branch="false" />
            <line number="41" hits="0" branch="false" />
            <line number="42" hits="0" branch="true" condition-coverage="0% (0/2)" />
            <line number="43" hits="0" branch="false" />
            <line number="44" hits="0" branch="true" condition-coverage="0% (0/2)" />
            <line number="45" hits="0" branch="false" />
            <line number="46" hits="0" branch="true" condition-coverage="0% (0/2)" />
            <line number="47" hits="0" branch="false" />
            <line number="48" hits="0" branch="false" />
            <line number="49" hits="0" branch="false" />
            <line number="50" hits="0" branch="false" />
            <line number="51" hits="0" branch="false" />
            <line number="52" hits="0" branch="false" />
            <line number="53" hits="0" branch="false" />
            <line number="54" hits="0" branch="false" />
            <line number="55" hits="0" branch="false" />
            <line number="57" hits="0" branch="false" />
            <line number="58" hits="0" branch="true" condition-coverage="0% (0/2)" />
            <line number="59" hits="0" branch="false" />
            <line number="60" hits="0" branch="false" />
            <line number="62" hits="0" branch="false" />
            <line number="63" hits="0" branch="false" />
            <line number="64" hits="0" branch="false" />
            <line number="65" hits="0" branch="false" />
            <line number="66" hits="0" branch="false" />
            <line number="67" hits="0" branch="true" condition-coverage="0% (0/2)" />
            <line number="68" hits="0" branch="false" />
            <line number="69" hits="0" branch="true" condition-coverage="0% (0/2)" />
            <line number="70" hits="0" branch="false" />
            <line number="71" hits="0" branch="false" />
            <line number="72" hits="0" branch="false" />
            <line number="74" hits="0" branch="false" />
            <line number="75" hits="0" branch="false" />
            <line number="76" hits="0" branch="false" />
            <line number="77" hits="0" branch="false" />
            <line number="78" hits="0" branch="false" />
            <line number="79" hits="0" branch="false" />
            <line number="80" hits="0" branch="false" />
            <line number="82" hits="0" branch="false" />
            <line number="83" hits="0" branch="true" condition-coverage="0% (0/2)" />
            <line number="84" hits="0" branch="false" />
            <line number="85" hits="0" branch="false" />
            <line number="87" hits="0" branch="false" />
            <line number="88" hits="0" branch="true" condition-coverage="0% (0/2)" />
            <line number="89" hits="0" branch="false" />
            <line number="90" hits="0" branch="false" />
            <line number="91" hits="0" branch="false" />
            <line number="92" hits="0" branch="false" />
            <line number="93" hits="0" branch="true" condition-coverage="0% (0/2)" />
            <line number="94" hits="0" branch="false" />
            <line number="95" hits="0" branch="true" condition-coverage="0% (0/2)" />
            <line number="96" hits="0" branch="false" />
            <line number="97" hits="0" branch="false" />
            <line number="98" hits="0" branch="false" />
            <line number="99" hits="0" branch="false" />
            <line number="101" hits="0" branch="false" />
            <line number="102" hits="0" branch="true" condition-coverage="0% (0/2)" />
            <line number="103" hits="0" branch="false" />
            <line number="104" hits="0" branch="false" />
            <line number="106" hits="0" branch="true" condition-coverage="0% (0/2)" />
            <line number="107" hits="0" branch="false" />
            <line number="108" hits="0" branch="false" />
            <line number="110" hits="0" branch="true" condition-coverage="0% (0/2)" />
            <line number="111" hits="0" branch="false" />
            <line number="112" hits="0" branch="false" />
            <line number="113" hits="0" branch="false" />
            <line number="114" hits="0" branch="false" />
            <line number="115" hits="0" branch="false" />
            <line number="116" hits="0" branch="true" condition-coverage="0% (0/2)" />
            <line number="117" hits="0" branch="false" />
            <line number="118" hits="0" branch="false" />
            <line number="119" hits="0" branch="false" />
            <line number="120" hits="0" branch="true" condition-coverage="0% (0/2)" />
            <line number="121" hits="0" branch="false" />
            <line number="122" hits="0" branch="false" />
            <line number="123" hits="0" branch="false" />
            <line number="125" hits="0" branch="false" />
            <line number="126" hits="0" branch="false" />
            <line number="127" hits="0" branch="false" />
            <line number="128" hits="0" branch="false" />
            <line number="129" hits="0" branch="false" />
            <line number="130" hits="0" branch="false" />
            <line number="131" hits="0" branch="false" />
            <line number="133" hits="0" branch="false" />
          </lines>
        </class>
        <class name="StedoMedo.Services.Statistika.ServisStatistika" filename="C:\Users\alilj\Desktop\StedoMedo\VVS-24-25-Projekat\StedoMedo\StedoMedo\Services\Statistika\ServisStatistika.cs" line-rate="0.905405405405405" branch-rate="0.901639344262295" complexity="123">
          <methods>
            <method name="NajveciTrosak" signature="(...)" line-rate="0.875" branch-rate="0.961538461538462" complexity="26">
              <lines>
                <line number="20" hits="7" branch="false" />
                <line number="21" hits="7" branch="true" condition-coverage="100% (2/2)" />
                <line number="22" hits="1" branch="false" />
                <line number="23" hits="1" branch="false" />
                <line number="27" hits="6" branch="true" condition-coverage="100% (2/2)" />
                <line number="28" hits="1" branch="false" />
                <line number="29" hits="1" branch="false" />
                <line number="32" hits="5" branch="true" condition-coverage="100% (4/4)" />
                <line number="33" hits="1" branch="false" />
                <line number="34" hits="1" branch="false" />
                <line number="37" hits="4" branch="true" condition-coverage="75% (3/4)" />
                <line number="38" hits="1" branch="false" />
                <line number="39" hits="1" branch="false" />
                <line number="42" hits="3" branch="false" />
                <line number="44" hits="3" branch="false" />
                <line number="45" hits="39" branch="true" condition-coverage="100% (2/2)" />
                <line number="46" hits="15" branch="false" />
                <line number="47" hits="15" branch="true" condition-coverage="100% (10/10)" />
                <line number="48" hits="5" branch="false" />
                <line number="49" hits="5" branch="true" condition-coverage="100% (2/2)" />
                <line number="50" hits="5" branch="false" />
                <line number="51" hits="5" branch="false" />
                <line number="52" hits="5" branch="false" />
                <line number="53" hits="5" branch="false" />
                <line number="55" hits="15" branch="false" />
                <line number="56" hits="3" branch="false" />
                <line number="57" hits="0" branch="false" />
                <line number="58" hits="0" branch="false" />
[...]
                <line number="144" hits="1" branch="false" />
                <line number="146" hits="1" branch="false" />
                <line number="147" hits="1" branch="false" />
                <line number="148" hits="1" branch="false" />
                <line number="151" hits="1" branch="false" />
                <line number="152" hits="0" branch="false" />
              </lines>
            </method>
            <method name="ProsjecnaPotrosnja_InvalidDateRange_ThrowsArgumentException" signature="()" line-rate="0.833333333333333" branch-rate="1" complexity="1">
              <lines>
                <line number="157" hits="1" branch="false" />
                <line number="159" hits="1" branch="false" />
                <line number="160" hits="1" branch="false" />
                <line number="161" hits="1" branch="false" />
                <line number="164" hits="1" branch="false" />
                <line number="165" hits="0" branch="false" />
              </lines>
            </method>
            <method name="ProsjecnaPotrosnja_InvalidDateRangeOutOfBounds_ThrowsArgumentOutOfRangeException" signature="()" line-rate="0.833333333333333" branch-rate="1" complexity="1">
              <lines>
                <line number="170" hits="1" branch="false" />
                <line number="172" hits="1" branch="false" />
                <line number="173" hits="1" branch="false" />
                <line number="174" hits="1" branch="false" />
                <line number="177" hits="1" branch="false" />
                <line number="178" hits="0" branch="false" />
              </lines>
            </method>
            <method name="ProsjecnaPotrosnja_EmptyCategoryList_ThrowsArgumentException" signature="()" line-rate="0.833333333333333" branch-rate="1" complexity="1">
              <lines>
                <line number="183" hits="1" branch="false" />
                <line number="185" hits="1" branch="false" />
                <line number="186" hits="1" branch="false" />
                <line number="187" hits="1" branch="false" />
                <line number="190" hits="1" branch="false" />
                <line number="191" hits="0" branch="false" />
              </lines>
            </method>
            <method name="UkupniTrosak_ValidInputs_ReturnsCorrectTotal" signature="(...)" line-rate="1" branch-rate="1" complexity="1">
              <lines>
                <line number="199" hits="5" branch="false" />
                <line number="201" hits="5" branch="false" />
                <line number="202" hits="5" branch="false" />
                <line number="203" hits="5" branch="false" />
                <line number="206" hits="5" branch="false" />
                <line number="209" hits="5" branch="false" />
                <line number="210" hits="5" branch="false" />
              </lines>
            </method>
            <method name="UkupniTrosak_InvalidInputs_ThrowsException" signature="(...)" line-rate="0.833333333333333" branch-rate="1" complexity="2">
              <lines>
                <line number="219" hits="3" branch="false" />
                <line number="221" hits="3" branch="false" />
                <line number="222" hits="3" branch="false" />
                <line number="223" hits="3" branch="true" condition-coverage="100% (2/2)" />
                <line number="226" hits="3" branch="false" />
                <line number="227" hits="0" branch="false" />
              </lines>
            </method>
            <method name="RaspodjelaPoKategorijama_ValidInput_ReturnsCorrectDistribution" signature="()" line-rate="1" branch-rate="1" complexity="1">
              <lines>
                <line number="230" hits="1" branch="false" />
                <line number="231" hits="1" branch="false" />
                <line number="232" hits="1" branch="false" />
                <line number="234" hits="1" branch="false" />
                <line number="236" hits="1" branch="false" />
                <line number="237" hits="1" branch="false" />
                <line number="238" hits="1" branch="false" />
                <line number="239" hits="1" branch="false" />
                <line number="240" hits="1" branch="false" />
                <line number="241" hits="1" branch="false" />
              </lines>
            </method>
            <method name="RaspodjelaPoKategorijama_InvalidInputs_ThrowsException" signature="(...)" line-rate="0.8" branch-rate="1" complexity="1">
              <lines>
                <line number="269" hits="2" branch="false" />
                <line number="270" hits="2" branch="false" />
                <line number="271" hits="2" branch="false" />
                <line number="273" hits="2" branch="false" />
                <line number="274" hits="0" branch="false" />
              </lines>
            </method>
            <method name="RaspodjelaPoKategorijama_NullKorisnik_ThrowsArgumentNullException" signature="()" line-rate="0.8" branch-rate="1" complexity="1">
              <lines>
                <line number="279" hits="1" branch="false" />
                <line number="281" hits="1" branch="false" />
                <line number="282" hits="1" branch="false" />
                <line number="285" hits="1" branch="false" />
                <line number="286" hits="0" branch="false" />
              </lines>
            </method>
            <method name="RaspodjelaPoKategorijama_InvalidDateRange_ThrowsArgumentException" signature="()" line-rate="0.8" branch-rate="1" complexity="1">
              <lines>
                <line number="291" hits="1" branch="false" />
                <line number="293" hits="1" branch="false" />
                <line number="294" hits="1" branch="false" />
                <line number="297" hits="1" branch="false" />
                <line number="298" hits="0" branch="false" />
              </lines>
            </method>
            <method name="RaspodjelaPoKategorijama_InvalidDateRangeOutOfBounds_ThrowsArgumentOutOfRangeException" signature="()" line-rate="0.8" branch-rate="1" complexity="1">
              <lines>
                <line number="303" hits="1" branch="false" />
                <line number="305" hits="1" branch="false" />
                <line number="306" hits="1" branch="false" />
                <line number="309" hits="1" branch="false" />
                <line number="310" hits="0" branch="false" />
              </lines>
            </method>
            <method name="VarijansaTroskova_ValidInput_ReturnsCorrectVariance" signature="()" line-rate="1" branch-rate="1" complexity="1">
              <lines>
                <line number="313" hits="1" branch="false" />
                <line number="314" hits="1" branch="false" />
                <line number="315" hits="1" branch="false" />
                <line number="317" hits="1" branch="false" />
                <line number="319" hits="1" branch="false" />
                <line number="320" hits="1" branch="false" />
              </lines>
            </method>
            <method name="VarijansaTroskova_ShouldThrowArgumentNullException_WhenKorisnikIsNull" signature="()" line-rate="0.666666666666667" branch-rate="1" complexity="1">
              <lines>
                <line number="324" hits="1" branch="false" />
                <line number="325" hits="1" branch="false" />
                <line number="326" hits="0" branch="false" />
              </lines>
            </method>
            <method name="VarijansaTroskova_ShouldThrowArgumentException_WhenOdDatumaIsAfterDoDatuma" signature="()" line-rate="0.666666666666667" branch-rate="1" complexity="1">
              <lines>
                <line number="331" hits="1" branch="false" />
                <line number="332" hits="1" branch="false" />
                <line number="333" hits="0" branch="false" />
              </lines>
            </method>
            <method name="VarijansaTroskova_ShouldThrowArgumentOutOfRangeException_WhenOdDatumaIsBefore2000" signature="()" line-rate="0.666666666666667" branch-rate="1" complexity="1">
              <lines>
                <line number="338" hits="1" branch="false" />
                <line number="339" hits="1" branch="false" />
                <line number="340" hits="0" branch="false" />
              </lines>
            </method>
            <method name="VarijansaTroskova_ShouldThrowArgumentOutOfRangeException_WhenDoDatumaIsInTheFuture" signature="()" line-rate="0.666666666666667" branch-rate="1" complexity="1">
              <lines>
                <line number="345" hits="1" branch="false" />
                <line number="346" hits="1" branch="false" />
                <line number="347" hits="0" branch="false" />
              </lines>
            </method>
            <method name="VarijansaTroskova_ShouldThrowArgumentException_WhenNoTroskoviInDateRange" signature="()" line-rate="0.666666666666667" branch-rate="1" complexity="1">
              <lines>
                <line number="352" hits="1" branch="false" />
                <line number="353" hits="1" branch="false" />
                <line number="354" hits="0" branch="false" />
              </lines>
            </method>
          </methods>
          <lines>
            <line number="20" hits="40" branch="false" />
            <line number="21" hits="40" branch="false" />
            <line number="22" hits="40" branch="false" />
            <line number="23" hits="40" branch="false" />
            <line number="24" hits="40" branch="false" />
            <line number="26" hits="40" branch="false" />
            <line number="27" hits="40" branch="false" />
            <line number="28" hits="40" branch="false" />
            <line number="29" hits="40" branch="false" />
            <line number="30" hits="40" branch="false" />
            <line number="31" hits="40" branch="false" />
            <line number="32" hits="40" branch="false" />
            <line number="33" hits="40" branch="false" />
            <line number="35" hits="520" branch="true" condition-coverage="100% (2/2)" />
            <line number="36" hits="200" branch="false" />
            <line number="37" hits="200" branch="false" />
            <line number="38" hits="200" branch="false" />
            <line number="39" hits="40" branch="false" />
            <line number="43" hits="1" branch="false" />
            <line number="44" hits="1" branch="false" />
            <line number="45" hits="1" branch="false" />
            <line number="46" hits="1" branch="false" />
            <line number="48" hits="1" branch="false" />
            <line number="50" hits="1" branch="false" />
            <line number="51" hits="1" branch="false" />
            <line number="56" hits="1" branch="false" />
            <line number="57" hits="1" branch="false" />
            <line number="58" hits="1" branch="false" />
            <line number="59" hits="1" branch="false" />
            <line number="60" hits="0" branch="false" />
            <line number="65" hits="1" branch="false" />
            <line number="66" hits="1" branch="false" />
            <line number="68" hits="1" branch="false" />
            <line number="69" hits="0" branch="false" />
            <line number="74" hits="1" branch="false" />
            <line number="75" hits="1" branch="false" />
            <line number="77" hits="1" branch="false" />
            <line number="78" hits="0" branch="false" />
            <line number="83" hits="1" branch="false" />
            <line number="84" hits="1" branch="false" />
            <line number="86" hits="1" branch="false" />
            <line number="87" hits="0" branch="false" />
            <line number="92" hits="1" branch="false" />
            <line number="93" hits="1" branch="false" />
            <line number="94" hits="0" branch="false" />
            <line number="100" hits="2" branch="false" />
            <line number="101" hits="2" branch="false" />
            <line number="102" hits="2" branch="false" />
            <line number="103" hits="2" branch="false" />
            <line number="105" hits="2" branch="false" />
            <line number="107" hits="2" branch="false" />
            <line number="108" hits="2" branch="false" />
            <line number="115" hits="2" branch="false" />
            <line number="116" hits="2" branch="false" />
            <line number="117" hits="2" branch="false" />
            <line number="118" hits="2" branch="false" />
            <line number="120" hits="2" branch="false" />
            <line number="122" hits="2" branch="false" />
            <line number="123" hits="2" branch="false" />
            <line number="131" hits="3" branch="false" />
            <line number="133" hits="3" branch="false" />
            <line number="134" hits="3" branch="false" />
            <line number="135" hits="3" branch="true" condition-coverage="100% (2/2)" />
            <line number="138" hits="3" branch="false" />
            <line number="139" hits="0" branch="false" />
            <line number="144" hits="1" branch="false" />
            <line number="146" hits="1" branch="false" />
            <line number="147" hits="1" branch="false" />
            <line number="148" hits="1" branch="false" />
            <line number="151" hits="1" branch="false" />
            <line number="152" hits="0" branch="false" />
            <line number="157" hits="1" branch="false" />
            <line number="159" hits="1" branch="false" />
            <line number="160" hits="1" branch="false" />
            <line number="161" hits="1" branch="false" />
            <line number="164" hits="1" branch="false" />
            <line number="165" hits="0" branch="false" />
            <line number="170" hits="1" branch="false" />
            <line number="172" hits="1" branch="false" />
            <line number="173" hits="1" branch="false" />
            <line number="174" hits="1" branch="false" />
            <line number="177" hits="1" branch="false" />
            <line number="178" hits="0" branch="false" />
            <line number="183" hits="1" branch="false" />
            <line number="185" hits="1" branch="false" />
            <line number="186" hits="1" branch="false" />
            <line number="187" hits="1" branch="false" />
            <line number="190" hits="1" branch="false" />
            <line number="191" hits="0" branch="false" />
            <line number="199" hits="5" branch="false" />
            <line number="201" hits="5" branch="false" />
            <line number="202" hits="5" branch="false" />
            <line number="203" hits="5" branch="false" />
            <line number="206" hits="5" branch="false" />
            <line number="209" hits="5" branch="false" />
            <line number="210" hits="5" branch="false" />
            <line number="219" hits="3" branch="false" />
            <line number="221" hits="3" branch="false" />
            <line number="222" hits="3" branch="false" />
            <line number="223" hits="3" branch="true" condition-coverage="100% (2/2)" />
            <line number="226" hits="3" branch="false" />
            <line number="227" hits="0" branch="false" />
            <line number="230" hits="1" branch="false" />
            <line number="231" hits="1" branch="false" />
            <line number="232" hits="1" branch="false" />
            <line number="234" hits="1" branch="false" />
            <line number="236" hits="1" branch="false" />
            <line number="237" hits="1" branch="false" />
            <line number="238" hits="1" branch="false" />
            <line number="239" hits="1" branch="false" />
            <line number="240" hits="1" branch="false" />
            <line number="241" hits="1" branch="false" />
            <line number="269" hits="2" branch="false" />
            <line number="270" hits="2" branch="false" />
            <line number="271" hits="2" branch="false" />
            <line number="273" hits="2" branch="false" />
            <line number="274" hits="0" branch="false" />
            <line number="279" hits="1" branch="false" />
            <line number="281" hits="1" branch="false" />
            <line number="282" hits="1" branch="false" />
            <line number="285" hits="1" branch="false" />
            <line number="286" hits="0" branch="false" />
            <line number="291" hits="1" branch="false" />
            <line number="293" hits="1" branch="false" />
            <line number="294" hits="1" branch="false" />
            <line number="297" hits="1" branch="false" />
            <line number="298" hits="0" branch="false" />
            <line number="303" hits="1" branch="false" />
            <line number="305" hits="1" branch="false" />
            <line number="306" hits="1" branch="false" />
            <line number="309" hits="1" branch="false" />
            <line number="310" hits="0" branch="false" />
            <line number="313" hits="1" branch="false" />
            <line number="314" hits="1" branch="false" />
            <line number="315" hits="1" branch="false" />
            <line number="317" hits="1" branch="false" />
            <line number="319" hits="1" branch="false" />
            <line number="320" hits="1" branch="false" />
            <line number="324" hits="1" branch="false" />
            <line number="325" hits="1" branch="false" />
            <line number="326" hits="0" branch="false" />
            <line number="331" hits="1" branch="false" />
            <line number="332" hits="1" branch="false" />
            <line number="333" hits="0" branch="false" />
            <line number="338" hits="1" branch="false" />
            <line number="339" hits="1" branch="false" />
            <line number="340" hits="0" branch="false" />
            <line number="345" hits="1" branch="false" />
            <line number="346" hits="1" branch="false" />
            <line number="347" hits="0" branch="false" />
            <line number="352" hits="1" branch="false" />
            <line number="353" hits="1" branch="false" />
            <line number="354" hits="0" branch="false" />
          </lines>
        </class>
        <class name="StedoMedoTests.ServisUpravljanjeTroskovimaTest" filename="C:\Users\alilj\Desktop\StedoMedo\VVS-24-25-Projekat\StedoMedo\StedoMedoTests\ServisUpravljanjeTroskovimaTest.cs" line-rate="1" branch-rate="1" complexity="1">
          <methods>
            <method name="TestDodajTrosak" signature="()" line-rate="1" branch-rate="1" complexity="1">
              <lines>
                <line number="12" hits="1" branch="false" />
                <line number="13" hits="1" branch="false" />
                <line number="14" hits="1" branch="false" />
                <line number="15" hits="1" branch="false" />
                <line number="16" hits="1" branch="false" />
                <line number="17" hits="1" branch="false" />
                <line number="18" hits="1" branch="false" />
                <line number="19" hits="1" branch="false" />
                <line number="20" hits="1" branch="false" />
                <line number="21" hits="1" branch="false" />
              </lines>
            </method>
          </methods>
          <lines>
            <line number="12" hits="1" branch="false" />
            <line number="13" hits="1" branch="false" />
            <line number="14" hits="1" branch="false" />
            <line number="15" hits="1" branch="false" />
            <line number="16" hits="1" branch="false" />
            <line number="17" hits="1" branch="false" />
            <line number="18" hits="1" branch="false" />
            <line number="19" hits="1" branch="false" />
            <line number="20" hits="1" branch="false" />
            <line number="21" hits="1" branch="false" />
          </lines>
        </class>
      </classes>
    </package>
  </packages>
</coverage>