<?xml version="1.0" encoding="utf-8"?>
<coverage line-rate="0.9618000000000001" branch-rate="0.9179999999999999" version="1.9" timestamp="1732178205" lines-covered="1590" lines-valid="1653" branches-covered="325" branches-valid="354">
  <sources>
    <source>C:\Users\HP Compaq\</source>
  </sources>
  <packages>
    <package name="StedoMedo" line-rate="0.9558" branch-rate="0.9201999999999999" complexity="370">
      <classes>
        <class name="StedoMedo.Services.BudzetService" filename="Desktop\VVS\VVS-24-25-Projekat\StedoMedo\StedoMedo\Services\BudzetService.cs" line-rate="0.9873000000000001" branch-rate="0.8913" complexity="47">
          <methods>
            <method name="PreostaloStanjeBudzeta" signature="(StedoMedo.Models.Korisnik,System.DateOnly)" line-rate="0.9761" branch-rate="0.8845999999999999" complexity="26">
              <lines>
                <line number="24" hits="11" branch="False" />
                <line number="25" hits="11" branch="True" condition-coverage="100% (2/2)">
                  <conditions>
                    <condition number="34" type="jump" coverage="100%" />
                  </conditions>
                </line>
                <line number="26" hits="1" branch="False" />
                <line number="27" hits="1" branch="False" />
                <line number="30" hits="10" branch="False" />
                <line number="31" hits="39" branch="True" condition-coverage="100% (2/2)">
                  <conditions>
                    <condition number="130" type="jump" coverage="100%" />
                  </conditions>
                </line>
                <line number="32" hits="9" branch="False" />
                <line number="33" hits="9" branch="True" condition-coverage="50% (1/2)">
                  <conditions>
                    <condition number="115" type="jump" coverage="50%" />
                  </conditions>
                </line>
                <line number="34" hits="9" branch="False" />
                <line number="35" hits="9" branch="False" />
                <line number="36" hits="9" branch="False" />
                <line number="38" hits="0" branch="False" />
                <line number="40" hits="10" branch="True" condition-coverage="100% (2/2)">
                  <conditions>
                    <condition number="157" type="jump" coverage="100%" />
                  </conditions>
                </line>
                <line number="41" hits="1" branch="False" />
                <line number="42" hits="1" branch="False" />
                <line number="45" hits="9" branch="False" />
                <line number="46" hits="9" branch="False" />
                <line number="48" hits="9" branch="False" />
                <line number="49" hits="37" branch="True" condition-coverage="100% (2/2)">
                  <conditions>
                    <condition number="300" type="jump" coverage="100%" />
                  </conditions>
                </line>
                <line number="50" hits="9" branch="False" />
                <line number="51" hits="9" branch="True" condition-coverage="75% (3/4)">
                  <conditions>
                    <condition number="257" type="jump" coverage="50%" />
                    <condition number="284" type="jump" coverage="100%" />
                  </conditions>
                </line>
                <line number="52" hits="8" branch="False" />
                <line number="53" hits="8" branch="False" />
                <line number="54" hits="8" branch="False" />
                <line number="56" hits="1" branch="False" />
                <line number="58" hits="9" branch="True" condition-coverage="100% (2/2)">
                  <conditions>
                    <condition number="328" type="jump" coverage="100%" />
                  </conditions>
                </line>
                <line number="59" hits="1" branch="False" />
                <line number="60" hits="1" branch="False" />
                <line number="63" hits="68" branch="True" condition-coverage="100% (2/2)">
                  <conditions>
                    <condition number="460" type="jump" coverage="100%" />
                  </conditions>
                </line>
                <line number="64" hits="22" branch="False" />
                <line number="65" hits="22" branch="True" condition-coverage="75% (3/4)">
                  <conditions>
                    <condition number="401" type="jump" coverage="50%" />
                    <condition number="438" type="jump" coverage="100%" />
                  </conditions>
                </line>
                <line number="66" hits="15" branch="False" />
                <line number="67" hits="15" branch="False" />
                <line number="68" hits="15" branch="False" />
                <line number="69" hits="22" branch="False" />
                <line number="71" hits="8" branch="False" />
                <line number="72" hits="11" branch="True" condition-coverage="100% (4/4)">
                  <conditions>
                    <condition number="22" type="jump" coverage="100%" />
                    <condition number="41" type="jump" coverage="100%" />
                  </conditions>
                </line>
                <line number="73" hits="11" branch="False" />
                <line number="74" hits="11" branch="False" />
                <line number="75" hits="18" branch="False" />
                <line number="78" hits="8" branch="False" />
                <line number="79" hits="8" branch="False" />
              </lines>
            </method>
            <method name="DodajBudzet" signature="(StedoMedo.Models.Korisnik,System.DateOnly,System.DateOnly,System.Double)" line-rate="1" branch-rate="1" complexity="4">
              <lines>
                <line number="82" hits="19" branch="False" />
                <line number="83" hits="20" branch="True" condition-coverage="100% (2/2)">
                  <conditions>
                    <condition number="7" type="jump" coverage="100%" />
                  </conditions>
                </line>
                <line number="84" hits="19" branch="True" condition-coverage="100% (2/2)">
                  <conditions>
                    <condition number="40" type="jump" coverage="100%" />
                  </conditions>
                </line>
                <line number="85" hits="17" branch="False" />
                <line number="86" hits="17" branch="False" />
                <line number="87" hits="17" branch="False" />
                <line number="88" hits="17" branch="False" />
              </lines>
            </method>
            <method name="ObrisiBudzet" signature="(StedoMedo.Models.Korisnik,System.Int32)" line-rate="1" branch-rate="0.8332999999999999" complexity="6">
              <lines>
                <line number="90" hits="3" branch="False" />
                <line number="91" hits="4" branch="True" condition-coverage="100% (2/2)">
                  <conditions>
                    <condition number="32" type="jump" coverage="100%" />
                  </conditions>
                </line>
                <line number="92" hits="3" branch="True" condition-coverage="50% (1/2)">
                  <conditions>
                    <condition number="12" type="jump" coverage="50%" />
                  </conditions>
                </line>
                <line number="93" hits="2" branch="True" condition-coverage="100% (2/2)">
                  <conditions>
                    <condition number="85" type="jump" coverage="100%" />
                  </conditions>
                </line>
                <line number="94" hits="1" branch="False" />
                <line number="95" hits="1" branch="False" />
                <line number="96" hits="1" branch="False" />
                <line number="98" hits="1" branch="False" />
                <line number="99" hits="2" branch="False" />
              </lines>
            </method>
            <method name="IzmjeniBudzet" signature="(StedoMedo.Models.Korisnik,System.Int32,System.DateOnly,System.DateOnly,System.Double)" line-rate="1" branch-rate="0.875" complexity="8">
              <lines>
                <line number="101" hits="4" branch="False" />
                <line number="102" hits="5" branch="True" condition-coverage="100% (2/2)">
                  <conditions>
                    <condition number="32" type="jump" coverage="100%" />
                  </conditions>
                </line>
                <line number="103" hits="4" branch="True" condition-coverage="100% (2/2)">
                  <conditions>
                    <condition number="65" type="jump" coverage="100%" />
                  </conditions>
                </line>
                <line number="104" hits="3" branch="True" condition-coverage="50% (1/2)">
                  <conditions>
                    <condition number="12" type="jump" coverage="50%" />
                  </conditions>
                </line>
                <line number="105" hits="2" branch="True" condition-coverage="100% (2/2)">
                  <conditions>
                    <condition number="120" type="jump" coverage="100%" />
                  </conditions>
                </line>
                <line number="106" hits="1" branch="False" />
                <line number="107" hits="1" branch="False" />
                <line number="108" hits="1" branch="False" />
                <line number="109" hits="1" branch="False" />
                <line number="110" hits="1" branch="False" />
                <line number="111" hits="1" branch="False" />
                <line number="112" hits="1" branch="False" />
                <line number="114" hits="1" branch="False" />
                <line number="115" hits="2" branch="False" />
              </lines>
            </method>
            <method name="ProvjeraPostojanja" signature="(StedoMedo.Models.Korisnik,System.Int32)" line-rate="1" branch-rate="1" complexity="2">
              <lines>
                <line number="117" hits="2" branch="False" />
                <line number="118" hits="4" branch="True" condition-coverage="100% (2/2)">
                  <conditions>
                    <condition number="12" type="jump" coverage="100%" />
                  </conditions>
                </line>
                <line number="119" hits="2" branch="False" />
              </lines>
            </method>
            <method name=".ctor" signature="(StedoMedo.Data.DbClass)" line-rate="1" branch-rate="1" complexity="1">
              <lines>
                <line number="18" hits="25" branch="False" />
                <line number="19" hits="25" branch="False" />
                <line number="20" hits="25" branch="False" />
                <line number="21" hits="25" branch="False" />
              </lines>
            </method>
          </methods>
          <lines>
            <line number="24" hits="11" branch="False" />
            <line number="25" hits="11" branch="True" condition-coverage="100% (2/2)">
              <conditions>
                <condition number="34" type="jump" coverage="100%" />
              </conditions>
            </line>
            <line number="26" hits="1" branch="False" />
            <line number="27" hits="1" branch="False" />
            <line number="30" hits="10" branch="False" />
            <line number="31" hits="39" branch="True" condition-coverage="100% (2/2)">
              <conditions>
                <condition number="130" type="jump" coverage="100%" />
              </conditions>
            </line>
            <line number="32" hits="9" branch="False" />
            <line number="33" hits="9" branch="True" condition-coverage="50% (1/2)">
              <conditions>
                <condition number="115" type="jump" coverage="50%" />
              </conditions>
            </line>
            <line number="34" hits="9" branch="False" />
            <line number="35" hits="9" branch="False" />
            <line number="36" hits="9" branch="False" />
            <line number="38" hits="0" branch="False" />
            <line number="40" hits="10" branch="True" condition-coverage="100% (2/2)">
              <conditions>
                <condition number="157" type="jump" coverage="100%" />
              </conditions>
            </line>
            <line number="41" hits="1" branch="False" />
            <line number="42" hits="1" branch="False" />
            <line number="45" hits="9" branch="False" />
            <line number="46" hits="9" branch="False" />
            <line number="48" hits="9" branch="False" />
            <line number="49" hits="37" branch="True" condition-coverage="100% (2/2)">
              <conditions>
                <condition number="300" type="jump" coverage="100%" />
              </conditions>
            </line>
            <line number="50" hits="9" branch="False" />
            <line number="51" hits="9" branch="True" condition-coverage="75% (3/4)">
              <conditions>
                <condition number="257" type="jump" coverage="50%" />
                <condition number="284" type="jump" coverage="100%" />
              </conditions>
            </line>
            <line number="52" hits="8" branch="False" />
            <line number="53" hits="8" branch="False" />
            <line number="54" hits="8" branch="False" />
            <line number="56" hits="1" branch="False" />
            <line number="58" hits="9" branch="True" condition-coverage="100% (2/2)">
              <conditions>
                <condition number="328" type="jump" coverage="100%" />
              </conditions>
            </line>
            <line number="59" hits="1" branch="False" />
            <line number="60" hits="1" branch="False" />
            <line number="63" hits="68" branch="True" condition-coverage="100% (2/2)">
              <conditions>
                <condition number="460" type="jump" coverage="100%" />
              </conditions>
            </line>
            <line number="64" hits="22" branch="False" />
            <line number="65" hits="22" branch="True" condition-coverage="75% (3/4)">
              <conditions>
                <condition number="401" type="jump" coverage="50%" />
                <condition number="438" type="jump" coverage="100%" />
              </conditions>
            </line>
            <line number="66" hits="15" branch="False" />
            <line number="67" hits="15" branch="False" />
            <line number="68" hits="15" branch="False" />
            <line number="69" hits="22" branch="False" />
            <line number="71" hits="8" branch="False" />
            <line number="72" hits="11" branch="True" condition-coverage="100% (4/4)">
              <conditions>
                <condition number="22" type="jump" coverage="100%" />
                <condition number="41" type="jump" coverage="100%" />
              </conditions>
            </line>
            <line number="73" hits="11" branch="False" />
            <line number="74" hits="11" branch="False" />
            <line number="75" hits="18" branch="False" />
            <line number="78" hits="8" branch="False" />
            <line number="79" hits="8" branch="False" />
            <line number="82" hits="19" branch="False" />
            <line number="83" hits="20" branch="True" condition-coverage="100% (2/2)">
              <conditions>
                <condition number="7" type="jump" coverage="100%" />
              </conditions>
            </line>
            <line number="84" hits="19" branch="True" condition-coverage="100% (2/2)">
              <conditions>
                <condition number="40" type="jump" coverage="100%" />
              </conditions>
            </line>
            <line number="85" hits="17" branch="False" />
            <line number="86" hits="17" branch="False" />
            <line number="87" hits="17" branch="False" />
            <line number="88" hits="17" branch="False" />
            <line number="90" hits="3" branch="False" />
            <line number="91" hits="4" branch="True" condition-coverage="100% (2/2)">
              <conditions>
                <condition number="32" type="jump" coverage="100%" />
              </conditions>
            </line>
            <line number="92" hits="3" branch="True" condition-coverage="50% (1/2)">
              <conditions>
                <condition number="12" type="jump" coverage="50%" />
              </conditions>
            </line>
            <line number="93" hits="2" branch="True" condition-coverage="100% (2/2)">
              <conditions>
                <condition number="85" type="jump" coverage="100%" />
              </conditions>
            </line>
            <line number="94" hits="1" branch="False" />
            <line number="95" hits="1" branch="False" />
            <line number="96" hits="1" branch="False" />
            <line number="98" hits="1" branch="False" />
            <line number="99" hits="2" branch="False" />
            <line number="101" hits="4" branch="False" />
            <line number="102" hits="5" branch="True" condition-coverage="100% (2/2)">
              <conditions>
                <condition number="32" type="jump" coverage="100%" />
              </conditions>
            </line>
            <line number="103" hits="4" branch="True" condition-coverage="100% (2/2)">
              <conditions>
                <condition number="65" type="jump" coverage="100%" />
              </conditions>
            </line>
            <line number="104" hits="3" branch="True" condition-coverage="50% (1/2)">
              <conditions>
                <condition number="12" type="jump" coverage="50%" />
              </conditions>
            </line>
            <line number="105" hits="2" branch="True" condition-coverage="100% (2/2)">
              <conditions>
                <condition number="120" type="jump" coverage="100%" />
              </conditions>
            </line>
            <line number="106" hits="1" branch="False" />
            <line number="107" hits="1" branch="False" />
            <line number="108" hits="1" branch="False" />
            <line number="109" hits="1" branch="False" />
            <line number="110" hits="1" branch="False" />
            <line number="111" hits="1" branch="False" />
            <line number="112" hits="1" branch="False" />
            <line number="114" hits="1" branch="False" />
            <line number="115" hits="2" branch="False" />
            <line number="117" hits="2" branch="False" />
            <line number="118" hits="4" branch="True" condition-coverage="100% (2/2)">
              <conditions>
                <condition number="12" type="jump" coverage="100%" />
              </conditions>
            </line>
            <line number="119" hits="2" branch="False" />
            <line number="18" hits="25" branch="False" />
            <line number="19" hits="25" branch="False" />
            <line number="20" hits="25" branch="False" />
            <line number="21" hits="25" branch="False" />
          </lines>
        </class>
        <class name="StedoMedo.Services.ServisPredvidjanjeTroskova" filename="Desktop\VVS\VVS-24-25-Projekat\StedoMedo\StedoMedo\Services\ServisPredvidjanjeTroskova.cs" line-rate="0.9417" branch-rate="0.9209999999999999" complexity="40">
          <methods>
            <method name="troskoviKorisnika" signature="(StedoMedo.Models.Korisnik)" line-rate="1" branch-rate="1" complexity="8">
              <lines>
                <line number="22" hits="6" branch="False" />
                <line number="23" hits="6" branch="True" condition-coverage="100% (2/2)">
                  <conditions>
                    <condition number="7" type="jump" coverage="100%" />
                  </conditions>
                </line>
                <line number="24" hits="1" branch="False" />
                <line number="25" hits="1" branch="False" />
                <line number="27" hits="5" branch="False" />
                <line number="28" hits="363" branch="True" condition-coverage="100% (2/2)">
                  <conditions>
                    <condition number="102" type="jump" coverage="100%" />
                  </conditions>
                </line>
                <line number="29" hits="174" branch="False" />
                <line number="30" hits="174" branch="True" condition-coverage="100% (2/2)">
                  <conditions>
                    <condition number="84" type="jump" coverage="100%" />
                  </conditions>
                </line>
                <line number="31" hits="78" branch="False" />
                <line number="32" hits="174" branch="False" />
                <line number="33" hits="5" branch="True" condition-coverage="100% (2/2)">
                  <conditions>
                    <condition number="134" type="jump" coverage="100%" />
                  </conditions>
                </line>
                <line number="34" hits="1" branch="False" />
                <line number="35" hits="1" branch="False" />
                <line number="37" hits="4" branch="False" />
                <line number="38" hits="4" branch="False" />
              </lines>
            </method>
            <method name="sortirajPoDanu" signature="(System.Collections.Generic.List`1&lt;StedoMedo.Models.Trosak&gt;)" line-rate="1" branch-rate="1" complexity="6">
              <lines>
                <line number="40" hits="4" branch="False" />
                <line number="41" hits="4" branch="False" />
                <line number="42" hits="156" branch="True" condition-coverage="100% (2/2)">
                  <conditions>
                    <condition number="145" type="jump" coverage="100%" />
                  </conditions>
                </line>
                <line number="43" hits="74" branch="False" />
                <line number="44" hits="1658" branch="True" condition-coverage="100% (2/2)">
                  <conditions>
                    <condition number="128" type="jump" coverage="100%" />
                  </conditions>
                </line>
                <line number="45" hits="755" branch="False" />
                <line number="46" hits="755" branch="True" condition-coverage="100% (2/2)">
                  <conditions>
                    <condition number="69" type="jump" coverage="100%" />
                  </conditions>
                </line>
                <line number="47" hits="260" branch="False" />
                <line number="48" hits="260" branch="False" />
                <line number="49" hits="260" branch="False" />
                <line number="50" hits="260" branch="False" />
                <line number="51" hits="260" branch="False" />
                <line number="52" hits="755" branch="False" />
                <line number="53" hits="74" branch="False" />
                <line number="54" hits="4" branch="False" />
                <line number="55" hits="4" branch="False" />
              </lines>
            </method>
            <method name="troskoviPoDanu" signature="(System.Collections.Generic.List`1&lt;StedoMedo.Models.Trosak&gt;)" line-rate="0.909" branch-rate="0.8332999999999999" complexity="6">
              <lines>
                <line number="57" hits="4" branch="False" />
                <line number="58" hits="4" branch="True" condition-coverage="50% (1/2)">
                  <conditions>
                    <condition number="12" type="jump" coverage="50%" />
                  </conditions>
                </line>
                <line number="59" hits="0" branch="False" />
                <line number="60" hits="0" branch="False" />
                <line number="62" hits="4" branch="False" />
                <line number="63" hits="4" branch="False" />
                <line number="64" hits="4" branch="False" />
                <line number="65" hits="4" branch="False" />
                <line number="66" hits="4" branch="False" />
                <line number="67" hits="168" branch="True" condition-coverage="100% (2/2)">
                  <conditions>
                    <condition number="209" type="jump" coverage="100%" />
                  </conditions>
                </line>
                <line number="68" hits="78" branch="False" />
                <line number="69" hits="78" branch="True" condition-coverage="100% (2/2)">
                  <conditions>
                    <condition number="130" type="jump" coverage="100%" />
                  </conditions>
                </line>
                <line number="70" hits="42" branch="False" />
                <line number="71" hits="42" branch="False" />
                <line number="72" hits="42" branch="False" />
                <line number="74" hits="36" branch="False" />
                <line number="75" hits="36" branch="False" />
                <line number="76" hits="36" branch="False" />
                <line number="77" hits="36" branch="False" />
                <line number="78" hits="78" branch="False" />
                <line number="79" hits="4" branch="False" />
                <line number="80" hits="4" branch="False" />
              </lines>
            </method>
            <method name="generisiKoeficijente" signature="(System.Collections.Generic.List`1&lt;System.Double&gt;)" line-rate="0.8823000000000001" branch-rate="0.875" complexity="8">
              <lines>
                <line number="82" hits="4" branch="False" />
                <line number="83" hits="4" branch="True" condition-coverage="50% (1/2)">
                  <conditions>
                    <condition number="12" type="jump" coverage="50%" />
                  </conditions>
                </line>
                <line number="84" hits="0" branch="False" />
                <line number="85" hits="0" branch="False" />
                <line number="87" hits="4" branch="False" />
                <line number="88" hits="92" branch="True" condition-coverage="100% (2/2)">
                  <conditions>
                    <condition number="69" type="jump" coverage="100%" />
                  </conditions>
                </line>
                <line number="89" hits="40" branch="False" />
                <line number="90" hits="40" branch="False" />
                <line number="91" hits="40" branch="False" />
                <line number="92" hits="4" branch="False" />
                <line number="93" hits="80" branch="True" condition-coverage="100% (2/2)">
                  <conditions>
                    <condition number="181" type="jump" coverage="100%" />
                  </conditions>
                </line>
                <line number="94" hits="36" branch="False" />
                <line number="95" hits="450" branch="True" condition-coverage="100% (2/2)">
                  <conditions>
                    <condition number="163" type="jump" coverage="100%" />
                  </conditions>
                </line>
                <line number="96" hits="189" branch="False" />
                <line number="97" hits="36" branch="False" />
                <line number="98" hits="4" branch="False" />
                <line number="99" hits="4" branch="False" />
              </lines>
            </method>
            <method name="ocekivanaVrijednost" signature="(System.Collections.Generic.List`1&lt;System.Double&gt;,System.Int32)" line-rate="0.9129999999999999" branch-rate="0.9" complexity="10">
              <lines>
                <line number="101" hits="4" branch="False" />
                <line number="102" hits="4" branch="True" condition-coverage="50% (1/2)">
                  <conditions>
                    <condition number="12" type="jump" coverage="50%" />
                  </conditions>
                </line>
                <line number="103" hits="0" branch="False" />
                <line number="104" hits="0" branch="False" />
                <line number="106" hits="4" branch="True" condition-coverage="100% (2/2)">
                  <conditions>
                    <condition number="35" type="jump" coverage="100%" />
                  </conditions>
                </line>
                <line number="107" hits="1" branch="False" />
                <line number="108" hits="1" branch="False" />
                <line number="110" hits="3" branch="True" condition-coverage="100% (2/2)">
                  <conditions>
                    <condition number="57" type="jump" coverage="100%" />
                  </conditions>
                </line>
                <line number="111" hits="1" branch="False" />
                <line number="112" hits="1" branch="False" />
                <line number="113" hits="1" branch="False" />
                <line number="114" hits="3" branch="False" />
                <line number="115" hits="3" branch="False" />
                <line number="116" hits="64" branch="True" condition-coverage="100% (2/2)">
                  <conditions>
                    <condition number="149" type="jump" coverage="100%" />
                  </conditions>
                </line>
                <line number="117" hits="29" branch="False" />
                <line number="118" hits="29" branch="False" />
                <line number="119" hits="29" branch="False" />
                <line number="120" hits="3" branch="True" condition-coverage="100% (2/2)">
                  <conditions>
                    <condition number="167" type="jump" coverage="100%" />
                  </conditions>
                </line>
                <line number="121" hits="1" branch="False" />
                <line number="122" hits="1" branch="False" />
                <line number="123" hits="1" branch="False" />
                <line number="125" hits="2" branch="False" />
                <line number="126" hits="3" branch="False" />
              </lines>
            </method>
            <method name="ProcijeniTroskove" signature="(StedoMedo.Models.Korisnik,System.Int32)" line-rate="1" branch-rate="1" complexity="1">
              <lines>
                <line number="127" hits="6" branch="False" />
                <line number="128" hits="6" branch="False" />
                <line number="129" hits="4" branch="False" />
                <line number="130" hits="4" branch="False" />
                <line number="131" hits="4" branch="False" />
                <line number="133" hits="3" branch="False" />
              </lines>
            </method>
            <method name=".ctor" signature="(StedoMedo.Data.DbClass)" line-rate="1" branch-rate="1" complexity="1">
              <lines>
                <line number="17" hits="6" branch="False" />
                <line number="18" hits="6" branch="False" />
                <line number="19" hits="6" branch="False" />
                <line number="20" hits="6" branch="False" />
              </lines>
            </method>
          </methods>
          <lines>
            <line number="22" hits="6" branch="False" />
            <line number="23" hits="6" branch="True" condition-coverage="100% (2/2)">
              <conditions>
                <condition number="7" type="jump" coverage="100%" />
              </conditions>
            </line>
            <line number="24" hits="1" branch="False" />
            <line number="25" hits="1" branch="False" />
            <line number="27" hits="5" branch="False" />
            <line number="28" hits="363" branch="True" condition-coverage="100% (2/2)">
              <conditions>
                <condition number="102" type="jump" coverage="100%" />
              </conditions>
            </line>
            <line number="29" hits="174" branch="False" />
            <line number="30" hits="174" branch="True" condition-coverage="100% (2/2)">
              <conditions>
                <condition number="84" type="jump" coverage="100%" />
              </conditions>
            </line>
            <line number="31" hits="78" branch="False" />
            <line number="32" hits="174" branch="False" />
            <line number="33" hits="5" branch="True" condition-coverage="100% (2/2)">
              <conditions>
                <condition number="134" type="jump" coverage="100%" />
              </conditions>
            </line>
            <line number="34" hits="1" branch="False" />
            <line number="35" hits="1" branch="False" />
            <line number="37" hits="4" branch="False" />
            <line number="38" hits="4" branch="False" />
            <line number="40" hits="4" branch="False" />
            <line number="41" hits="4" branch="False" />
            <line number="42" hits="156" branch="True" condition-coverage="100% (2/2)">
              <conditions>
                <condition number="145" type="jump" coverage="100%" />
              </conditions>
            </line>
            <line number="43" hits="74" branch="False" />
            <line number="44" hits="1658" branch="True" condition-coverage="100% (2/2)">
              <conditions>
                <condition number="128" type="jump" coverage="100%" />
              </conditions>
            </line>
            <line number="45" hits="755" branch="False" />
            <line number="46" hits="755" branch="True" condition-coverage="100% (2/2)">
              <conditions>
                <condition number="69" type="jump" coverage="100%" />
              </conditions>
            </line>
            <line number="47" hits="260" branch="False" />
            <line number="48" hits="260" branch="False" />
            <line number="49" hits="260" branch="False" />
            <line number="50" hits="260" branch="False" />
            <line number="51" hits="260" branch="False" />
            <line number="52" hits="755" branch="False" />
            <line number="53" hits="74" branch="False" />
            <line number="54" hits="4" branch="False" />
            <line number="55" hits="4" branch="False" />
            <line number="57" hits="4" branch="False" />
            <line number="58" hits="4" branch="True" condition-coverage="50% (1/2)">
              <conditions>
                <condition number="12" type="jump" coverage="50%" />
              </conditions>
            </line>
            <line number="59" hits="0" branch="False" />
            <line number="60" hits="0" branch="False" />
            <line number="62" hits="4" branch="False" />
            <line number="63" hits="4" branch="False" />
            <line number="64" hits="4" branch="False" />
            <line number="65" hits="4" branch="False" />
            <line number="66" hits="4" branch="False" />
            <line number="67" hits="168" branch="True" condition-coverage="100% (2/2)">
              <conditions>
                <condition number="209" type="jump" coverage="100%" />
              </conditions>
            </line>
            <line number="68" hits="78" branch="False" />
            <line number="69" hits="78" branch="True" condition-coverage="100% (2/2)">
              <conditions>
                <condition number="130" type="jump" coverage="100%" />
              </conditions>
            </line>
            <line number="70" hits="42" branch="False" />
            <line number="71" hits="42" branch="False" />
            <line number="72" hits="42" branch="False" />
            <line number="74" hits="36" branch="False" />
            <line number="75" hits="36" branch="False" />
            <line number="76" hits="36" branch="False" />
            <line number="77" hits="36" branch="False" />
            <line number="78" hits="78" branch="False" />
            <line number="79" hits="4" branch="False" />
            <line number="80" hits="4" branch="False" />
            <line number="82" hits="4" branch="False" />
            <line number="83" hits="4" branch="True" condition-coverage="50% (1/2)">
              <conditions>
                <condition number="12" type="jump" coverage="50%" />
              </conditions>
            </line>
            <line number="84" hits="0" branch="False" />
            <line number="85" hits="0" branch="False" />
            <line number="87" hits="4" branch="False" />
            <line number="88" hits="92" branch="True" condition-coverage="100% (2/2)">
              <conditions>
                <condition number="69" type="jump" coverage="100%" />
              </conditions>
            </line>
            <line number="89" hits="40" branch="False" />
            <line number="90" hits="40" branch="False" />
            <line number="91" hits="40" branch="False" />
            <line number="92" hits="4" branch="False" />
            <line number="93" hits="80" branch="True" condition-coverage="100% (2/2)">
              <conditions>
                <condition number="181" type="jump" coverage="100%" />
              </conditions>
            </line>
            <line number="94" hits="36" branch="False" />
            <line number="95" hits="450" branch="True" condition-coverage="100% (2/2)">
              <conditions>
                <condition number="163" type="jump" coverage="100%" />
              </conditions>
            </line>
            <line number="96" hits="189" branch="False" />
            <line number="97" hits="36" branch="False" />
            <line number="98" hits="4" branch="False" />
            <line number="99" hits="4" branch="False" />
            <line number="101" hits="4" branch="False" />
            <line number="102" hits="4" branch="True" condition-coverage="50% (1/2)">
              <conditions>
                <condition number="12" type="jump" coverage="50%" />
              </conditions>
            </line>
            <line number="103" hits="0" branch="False" />
            <line number="104" hits="0" branch="False" />
            <line number="106" hits="4" branch="True" condition-coverage="100% (2/2)">
              <conditions>
                <condition number="35" type="jump" coverage="100%" />
              </conditions>
            </line>
            <line number="107" hits="1" branch="False" />
            <line number="108" hits="1" branch="False" />
            <line number="110" hits="3" branch="True" condition-coverage="100% (2/2)">
              <conditions>
                <condition number="57" type="jump" coverage="100%" />
              </conditions>
            </line>
            <line number="111" hits="1" branch="False" />
            <line number="112" hits="1" branch="False" />
            <line number="113" hits="1" branch="False" />
            <line number="114" hits="3" branch="False" />
            <line number="115" hits="3" branch="False" />
            <line number="116" hits="64" branch="True" condition-coverage="100% (2/2)">
              <conditions>
                <condition number="149" type="jump" coverage="100%" />
              </conditions>
            </line>
            <line number="117" hits="29" branch="False" />
            <line number="118" hits="29" branch="False" />
            <line number="119" hits="29" branch="False" />
            <line number="120" hits="3" branch="True" condition-coverage="100% (2/2)">
              <conditions>
                <condition number="167" type="jump" coverage="100%" />
              </conditions>
            </line>
            <line number="121" hits="1" branch="False" />
            <line number="122" hits="1" branch="False" />
            <line number="123" hits="1" branch="False" />
            <line number="125" hits="2" branch="False" />
            <line number="126" hits="3" branch="False" />
            <line number="127" hits="6" branch="False" />
            <line number="128" hits="6" branch="False" />
            <line number="129" hits="4" branch="False" />
            <line number="130" hits="4" branch="False" />
            <line number="131" hits="4" branch="False" />
            <line number="133" hits="3" branch="False" />
            <line number="17" hits="6" branch="False" />
            <line number="18" hits="6" branch="False" />
            <line number="19" hits="6" branch="False" />
            <line number="20" hits="6" branch="False" />
          </lines>
        </class>
        <class name="StedoMedo.Services.UpravljanjeTroskovima.ServisUpravljanjeTroskovima" filename="Desktop\VVS\VVS-24-25-Projekat\StedoMedo\StedoMedo\Services\UpravljanjeTroskovima\ServisUpravljanjeTroskovima.cs" line-rate="1" branch-rate="0.9629000000000001" complexity="56">
          <methods>
            <method name="DodajTrosak" signature="(StedoMedo.Models.Korisnik,System.Double,StedoMedo.Models.KategorijaTroska,System.String,System.Nullable`1&lt;System.DateTime&gt;)" line-rate="1" branch-rate="1" complexity="4">
              <lines>
                <line number="21" hits="65" branch="False" />
                <line number="23" hits="65" branch="False" />
                <line number="24" hits="65" branch="False" />
                <line number="25" hits="112" branch="True" condition-coverage="100% (2/2)">
                  <conditions>
                    <condition number="17" type="jump" coverage="100%" />
                  </conditions>
                </line>
                <line number="26" hits="65" branch="True" condition-coverage="100% (2/2)">
                  <conditions>
                    <condition number="43" type="jump" coverage="100%" />
                  </conditions>
                </line>
                <line number="27" hits="64" branch="False" />
                <line number="28" hits="64" branch="False" />
                <line number="30" hits="1" branch="False" />
                <line number="31" hits="1" branch="False" />
                <line number="32" hits="1" branch="False" />
                <line number="33" hits="1" branch="False" />
                <line number="34" hits="1" branch="False" />
                <line number="35" hits="1" branch="False" />
                <line number="36" hits="65" branch="False" />
              </lines>
            </method>
            <method name="ObrisiTrosak" signature="(StedoMedo.Models.Korisnik,System.Int32)" line-rate="1" branch-rate="1" complexity="4">
              <lines>
                <line number="38" hits="5" branch="False" />
                <line number="40" hits="5" branch="False" />
                <line number="41" hits="8" branch="True" condition-coverage="100% (2/2)">
                  <conditions>
                    <condition number="12" type="jump" coverage="100%" />
                  </conditions>
                </line>
                <line number="42" hits="7" branch="True" condition-coverage="100% (2/2)">
                  <conditions>
                    <condition number="57" type="jump" coverage="100%" />
                  </conditions>
                </line>
                <line number="44" hits="1" branch="False" />
                <line number="45" hits="1" branch="False" />
                <line number="47" hits="1" branch="False" />
                <line number="48" hits="1" branch="False" />
                <line number="49" hits="1" branch="False" />
                <line number="50" hits="1" branch="False" />
                <line number="51" hits="1" branch="False" />
                <line number="52" hits="1" branch="False" />
                <line number="53" hits="5" branch="False" />
              </lines>
            </method>
            <method name="IzmijeniTrosak" signature="(StedoMedo.Models.Korisnik,System.Int32,System.Double,StedoMedo.Models.KategorijaTroska)" line-rate="1" branch-rate="1" complexity="4">
              <lines>
                <line number="55" hits="4" branch="False" />
                <line number="57" hits="4" branch="False" />
                <line number="58" hits="6" branch="True" condition-coverage="100% (2/2)">
                  <conditions>
                    <condition number="12" type="jump" coverage="100%" />
                  </conditions>
                </line>
                <line number="59" hits="5" branch="True" condition-coverage="100% (2/2)">
                  <conditions>
                    <condition number="57" type="jump" coverage="100%" />
                  </conditions>
                </line>
                <line number="61" hits="1" branch="False" />
                <line number="62" hits="1" branch="False" />
                <line number="64" hits="1" branch="False" />
                <line number="66" hits="1" branch="False" />
                <line number="67" hits="1" branch="False" />
                <line number="68" hits="1" branch="False" />
                <line number="69" hits="1" branch="False" />
                <line number="70" hits="1" branch="False" />
                <line number="71" hits="1" branch="False" />
                <line number="72" hits="4" branch="False" />
              </lines>
            </method>
            <method name="PrikaziTroskove" signature="(StedoMedo.Models.Korisnik,System.Nullable`1&lt;System.DateTime&gt;,System.Nullable`1&lt;System.DateTime&gt;,System.Collections.Generic.List`1&lt;StedoMedo.Models.KategorijaTroska&gt;,System.Collections.Generic.List`1&lt;StedoMedo.Models.KriterijSortiranja&gt;)" line-rate="1" branch-rate="1" complexity="8">
              <lines>
                <line number="75" hits="10" branch="False" />
                <line number="77" hits="10" branch="False" />
                <line number="78" hits="45" branch="False" />
                <line number="79" hits="9" branch="False" />
                <line number="81" hits="9" branch="True" condition-coverage="100% (4/4)">
                  <conditions>
                    <condition number="63" type="jump" coverage="100%" />
                    <condition number="77" type="jump" coverage="100%" />
                  </conditions>
                </line>
                <line number="82" hits="2" branch="False" />
                <line number="84" hits="9" branch="False" />
                <line number="85" hits="1908" branch="True" condition-coverage="100% (2/2)">
                  <conditions>
                    <condition number="261" type="jump" coverage="100%" />
                  </conditions>
                </line>
                <line number="86" hits="630" branch="False" />
                <line number="87" hits="630" branch="False" />
                <line number="88" hits="9" branch="False" />
                <line number="89" hits="87" branch="True" condition-coverage="100% (2/2)">
                  <conditions>
                    <condition number="471" type="jump" coverage="100%" />
                  </conditions>
                </line>
                <line number="90" hits="20" branch="False" />
                <line number="91" hits="20" branch="False" />
                <line number="93" hits="9" branch="False" />
                <line number="95" hits="1" branch="False" />
                <line number="96" hits="1" branch="False" />
                <line number="97" hits="1" branch="False" />
                <line number="98" hits="1" branch="False" />
                <line number="99" hits="1" branch="False" />
                <line number="100" hits="1" branch="False" />
                <line number="101" hits="10" branch="False" />
              </lines>
            </method>
            <method name="SortirajTroskove" signature="(System.Collections.Generic.List`1&lt;StedoMedo.Models.Trosak&gt;,System.Collections.Generic.List`1&lt;StedoMedo.Models.KriterijSortiranja&gt;)" line-rate="1" branch-rate="1" complexity="1">
              <lines>
                <line number="104" hits="2" branch="False" />
                <line number="105" hits="2" branch="False" />
                <line number="106" hits="2" branch="False" />
                <line number="107" hits="2" branch="False" />
              </lines>
            </method>
            <method name="QuickSort" signature="(System.Collections.Generic.List`1&lt;StedoMedo.Models.Trosak&gt;,System.Collections.Generic.List`1&lt;StedoMedo.Models.KriterijSortiranja&gt;,System.Int32,System.Int32)" line-rate="1" branch-rate="1" complexity="2">
              <lines>
                <line number="110" hits="14" branch="False" />
                <line number="111" hits="20" branch="True" condition-coverage="100% (2/2)">
                  <conditions>
                    <condition number="8" type="jump" coverage="100%" />
                  </conditions>
                </line>
                <line number="112" hits="6" branch="False" />
                <line number="113" hits="6" branch="False" />
                <line number="114" hits="6" branch="False" />
                <line number="115" hits="6" branch="False" />
                <line number="116" hits="14" branch="False" />
                <line number="117" hits="14" branch="False" />
              </lines>
            </method>
            <method name="Partition" signature="(System.Collections.Generic.List`1&lt;StedoMedo.Models.Trosak&gt;,System.Collections.Generic.List`1&lt;StedoMedo.Models.KriterijSortiranja&gt;,System.Int32,System.Int32)" line-rate="1" branch-rate="1" complexity="12">
              <lines>
                <line number="119" hits="6" branch="False" />
                <line number="120" hits="6" branch="False" />
                <line number="121" hits="6" branch="False" />
                <line number="123" hits="60" branch="True" condition-coverage="100% (2/2)">
                  <conditions>
                    <condition number="210" type="jump" coverage="100%" />
                  </conditions>
                </line>
                <line number="124" hits="16" branch="False" />
                <line number="126" hits="93" branch="True" condition-coverage="100% (2/2)">
                  <conditions>
                    <condition number="114" type="jump" coverage="100%" />
                  </conditions>
                </line>
                <line number="127" hits="20" branch="False" />
                <line number="128" hits="25" branch="True" condition-coverage="100% (2/2)">
                  <conditions>
                    <condition number="83" type="jump" coverage="100%" />
                  </conditions>
                </line>
                <line number="129" hits="35" branch="True" condition-coverage="100% (4/4)">
                  <conditions>
                    <condition number="88" type="jump" coverage="100%" />
                    <condition number="102" type="jump" coverage="100%" />
                  </conditions>
                </line>
                <line number="130" hits="5" branch="False" />
                <line number="132" hits="21" branch="True" condition-coverage="100% (2/2)">
                  <conditions>
                    <condition number="138" type="jump" coverage="100%" />
                  </conditions>
                </line>
                <line number="133" hits="5" branch="False" />
                <line number="134" hits="5" branch="False" />
                <line number="135" hits="5" branch="False" />
                <line number="136" hits="16" branch="False" />
                <line number="137" hits="6" branch="False" />
                <line number="138" hits="6" branch="False" />
                <line number="139" hits="6" branch="False" />
              </lines>
            </method>
            <method name="FiltrirajTroskove" signature="(System.Collections.Generic.List`1&lt;StedoMedo.Models.Trosak&gt;,System.Collections.Generic.List`1&lt;StedoMedo.Models.KategorijaTroska&gt;,System.Nullable`1&lt;System.DateTime&gt;,System.Nullable`1&lt;System.DateTime&gt;)" line-rate="1" branch-rate="0.9" complexity="20">
              <lines>
                <line number="142" hits="9" branch="False" />
                <line number="143" hits="9" branch="True" condition-coverage="100% (4/4)">
                  <conditions>
                    <condition number="2" type="jump" coverage="100%" />
                    <condition number="18" type="jump" coverage="100%" />
                  </conditions>
                </line>
                <line number="144" hits="6" branch="False" />
                <line number="145" hits="6" branch="False" />
                <line number="146" hits="6" branch="False" />
                <line number="147" hits="6" branch="False" />
                <line number="148" hits="6" branch="False" />
                <line number="149" hits="6" branch="False" />
                <line number="150" hits="6" branch="False" />
                <line number="151" hits="6" branch="False" />
                <line number="152" hits="14" branch="True" condition-coverage="100% (2/2)">
                  <conditions>
                    <condition number="167" type="jump" coverage="100%" />
                  </conditions>
                </line>
                <line number="153" hits="14" branch="True" condition-coverage="100% (2/2)">
                  <conditions>
                    <condition number="195" type="jump" coverage="100%" />
                  </conditions>
                </line>
                <line number="154" hits="9" branch="False" />
                <line number="155" hits="132" branch="True" condition-coverage="100% (2/2)">
                  <conditions>
                    <condition number="356" type="jump" coverage="100%" />
                  </conditions>
                </line>
                <line number="156" hits="35" branch="True" condition-coverage="80% (8/10)">
                  <conditions>
                    <condition number="249" type="jump" coverage="100%" />
                    <condition number="270" type="jump" coverage="50%" />
                    <condition number="289" type="jump" coverage="100%" />
                    <condition number="311" type="jump" coverage="50%" />
                    <condition number="337" type="jump" coverage="100%" />
                  </conditions>
                </line>
                <line number="157" hits="20" branch="False" />
                <line number="158" hits="35" branch="False" />
                <line number="159" hits="9" branch="False" />
                <line number="160" hits="9" branch="False" />
              </lines>
            </method>
            <method name=".ctor" signature="(StedoMedo.Data.DbClass)" line-rate="1" branch-rate="1" complexity="1">
              <lines>
                <line number="15" hits="31" branch="False" />
                <line number="16" hits="31" branch="False" />
                <line number="17" hits="31" branch="False" />
                <line number="18" hits="31" branch="False" />
              </lines>
            </method>
          </methods>
          <lines>
            <line number="21" hits="65" branch="False" />
            <line number="23" hits="65" branch="False" />
            <line number="24" hits="65" branch="False" />
            <line number="25" hits="112" branch="True" condition-coverage="100% (2/2)">
              <conditions>
                <condition number="17" type="jump" coverage="100%" />
              </conditions>
            </line>
            <line number="26" hits="65" branch="True" condition-coverage="100% (2/2)">
              <conditions>
                <condition number="43" type="jump" coverage="100%" />
              </conditions>
            </line>
            <line number="27" hits="64" branch="False" />
            <line number="28" hits="64" branch="False" />
            <line number="30" hits="1" branch="False" />
            <line number="31" hits="1" branch="False" />
            <line number="32" hits="1" branch="False" />
            <line number="33" hits="1" branch="False" />
            <line number="34" hits="1" branch="False" />
            <line number="35" hits="1" branch="False" />
            <line number="36" hits="65" branch="False" />
            <line number="38" hits="5" branch="False" />
            <line number="40" hits="5" branch="False" />
            <line number="41" hits="8" branch="True" condition-coverage="100% (2/2)">
              <conditions>
                <condition number="12" type="jump" coverage="100%" />
              </conditions>
            </line>
            <line number="42" hits="7" branch="True" condition-coverage="100% (2/2)">
              <conditions>
                <condition number="57" type="jump" coverage="100%" />
              </conditions>
            </line>
            <line number="44" hits="1" branch="False" />
            <line number="45" hits="1" branch="False" />
            <line number="47" hits="1" branch="False" />
            <line number="48" hits="1" branch="False" />
            <line number="49" hits="1" branch="False" />
            <line number="50" hits="1" branch="False" />
            <line number="51" hits="1" branch="False" />
            <line number="52" hits="1" branch="False" />
            <line number="53" hits="5" branch="False" />
            <line number="55" hits="4" branch="False" />
            <line number="57" hits="4" branch="False" />
            <line number="58" hits="6" branch="True" condition-coverage="100% (2/2)">
              <conditions>
                <condition number="12" type="jump" coverage="100%" />
              </conditions>
            </line>
            <line number="59" hits="5" branch="True" condition-coverage="100% (2/2)">
              <conditions>
                <condition number="57" type="jump" coverage="100%" />
              </conditions>
            </line>
            <line number="61" hits="1" branch="False" />
            <line number="62" hits="1" branch="False" />
            <line number="64" hits="1" branch="False" />
            <line number="66" hits="1" branch="False" />
            <line number="67" hits="1" branch="False" />
            <line number="68" hits="1" branch="False" />
            <line number="69" hits="1" branch="False" />
            <line number="70" hits="1" branch="False" />
            <line number="71" hits="1" branch="False" />
            <line number="72" hits="4" branch="False" />
            <line number="75" hits="10" branch="False" />
            <line number="77" hits="10" branch="False" />
            <line number="78" hits="45" branch="False" />
            <line number="79" hits="9" branch="False" />
            <line number="81" hits="9" branch="True" condition-coverage="100% (4/4)">
              <conditions>
                <condition number="63" type="jump" coverage="100%" />
                <condition number="77" type="jump" coverage="100%" />
              </conditions>
            </line>
            <line number="82" hits="2" branch="False" />
            <line number="84" hits="9" branch="False" />
            <line number="85" hits="1908" branch="True" condition-coverage="100% (2/2)">
              <conditions>
                <condition number="261" type="jump" coverage="100%" />
              </conditions>
            </line>
            <line number="86" hits="630" branch="False" />
            <line number="87" hits="630" branch="False" />
            <line number="88" hits="9" branch="False" />
            <line number="89" hits="87" branch="True" condition-coverage="100% (2/2)">
              <conditions>
                <condition number="471" type="jump" coverage="100%" />
              </conditions>
            </line>
            <line number="90" hits="20" branch="False" />
            <line number="91" hits="20" branch="False" />
            <line number="93" hits="9" branch="False" />
            <line number="95" hits="1" branch="False" />
            <line number="96" hits="1" branch="False" />
            <line number="97" hits="1" branch="False" />
            <line number="98" hits="1" branch="False" />
            <line number="99" hits="1" branch="False" />
            <line number="100" hits="1" branch="False" />
            <line number="101" hits="10" branch="False" />
            <line number="104" hits="2" branch="False" />
            <line number="105" hits="2" branch="False" />
            <line number="106" hits="2" branch="False" />
            <line number="107" hits="2" branch="False" />
            <line number="110" hits="14" branch="False" />
            <line number="111" hits="20" branch="True" condition-coverage="100% (2/2)">
              <conditions>
                <condition number="8" type="jump" coverage="100%" />
              </conditions>
            </line>
            <line number="112" hits="6" branch="False" />
            <line number="113" hits="6" branch="False" />
            <line number="114" hits="6" branch="False" />
            <line number="115" hits="6" branch="False" />
            <line number="116" hits="14" branch="False" />
            <line number="117" hits="14" branch="False" />
            <line number="119" hits="6" branch="False" />
            <line number="120" hits="6" branch="False" />
            <line number="121" hits="6" branch="False" />
            <line number="123" hits="60" branch="True" condition-coverage="100% (2/2)">
              <conditions>
                <condition number="210" type="jump" coverage="100%" />
              </conditions>
            </line>
            <line number="124" hits="16" branch="False" />
            <line number="126" hits="93" branch="True" condition-coverage="100% (2/2)">
              <conditions>
                <condition number="114" type="jump" coverage="100%" />
              </conditions>
            </line>
            <line number="127" hits="20" branch="False" />
            <line number="128" hits="25" branch="True" condition-coverage="100% (2/2)">
              <conditions>
                <condition number="83" type="jump" coverage="100%" />
              </conditions>
            </line>
            <line number="129" hits="35" branch="True" condition-coverage="100% (4/4)">
              <conditions>
                <condition number="88" type="jump" coverage="100%" />
                <condition number="102" type="jump" coverage="100%" />
              </conditions>
            </line>
            <line number="130" hits="5" branch="False" />
            <line number="132" hits="21" branch="True" condition-coverage="100% (2/2)">
              <conditions>
                <condition number="138" type="jump" coverage="100%" />
              </conditions>
            </line>
            <line number="133" hits="5" branch="False" />
            <line number="134" hits="5" branch="False" />
            <line number="135" hits="5" branch="False" />
            <line number="136" hits="16" branch="False" />
            <line number="137" hits="6" branch="False" />
            <line number="138" hits="6" branch="False" />
            <line number="139" hits="6" branch="False" />
            <line number="142" hits="9" branch="False" />
            <line number="143" hits="9" branch="True" condition-coverage="100% (4/4)">
              <conditions>
                <condition number="2" type="jump" coverage="100%" />
                <condition number="18" type="jump" coverage="100%" />
              </conditions>
            </line>
            <line number="144" hits="6" branch="False" />
            <line number="145" hits="6" branch="False" />
            <line number="146" hits="6" branch="False" />
            <line number="147" hits="6" branch="False" />
            <line number="148" hits="6" branch="False" />
            <line number="149" hits="6" branch="False" />
            <line number="150" hits="6" branch="False" />
            <line number="151" hits="6" branch="False" />
            <line number="152" hits="14" branch="True" condition-coverage="100% (2/2)">
              <conditions>
                <condition number="167" type="jump" coverage="100%" />
              </conditions>
            </line>
            <line number="153" hits="14" branch="True" condition-coverage="100% (2/2)">
              <conditions>
                <condition number="195" type="jump" coverage="100%" />
              </conditions>
            </line>
            <line number="154" hits="9" branch="False" />
            <line number="155" hits="132" branch="True" condition-coverage="100% (2/2)">
              <conditions>
                <condition number="356" type="jump" coverage="100%" />
              </conditions>
            </line>
            <line number="156" hits="35" branch="True" condition-coverage="80% (8/10)">
              <conditions>
                <condition number="249" type="jump" coverage="100%" />
                <condition number="270" type="jump" coverage="50%" />
                <condition number="289" type="jump" coverage="100%" />
                <condition number="311" type="jump" coverage="50%" />
                <condition number="337" type="jump" coverage="100%" />
              </conditions>
            </line>
            <line number="157" hits="20" branch="False" />
            <line number="158" hits="35" branch="False" />
            <line number="159" hits="9" branch="False" />
            <line number="160" hits="9" branch="False" />
            <line number="15" hits="31" branch="False" />
            <line number="16" hits="31" branch="False" />
            <line number="17" hits="31" branch="False" />
            <line number="18" hits="31" branch="False" />
          </lines>
        </class>
        <class name="StedoMedo.Services.Statistika.ServisStatistika" filename="Desktop\VVS\VVS-24-25-Projekat\StedoMedo\StedoMedo\Services\Statistika\ServisStatistika.cs" line-rate="0.9054000000000001" branch-rate="0.9016" complexity="123">
          <methods>
            <method name="NajveciTrosak" signature="(StedoMedo.Models.Korisnik,System.DateTime,System.DateTime,System.Collections.Generic.List`1&lt;StedoMedo.Models.KategorijaTroska&gt;)" line-rate="0.875" branch-rate="0.9615" complexity="26">
              <lines>
                <line number="20" hits="7" branch="False" />
                <line number="21" hits="7" branch="True" condition-coverage="100% (2/2)">
                  <conditions>
                    <condition number="7" type="jump" coverage="100%" />
                  </conditions>
                </line>
                <line number="22" hits="1" branch="False" />
                <line number="23" hits="1" branch="False" />
                <line number="27" hits="6" branch="True" condition-coverage="100% (2/2)">
                  <conditions>
                    <condition number="35" type="jump" coverage="100%" />
                  </conditions>
                </line>
                <line number="28" hits="1" branch="False" />
                <line number="29" hits="1" branch="False" />
                <line number="32" hits="5" branch="True" condition-coverage="100% (4/4)">
                  <conditions>
                    <condition number="67" type="jump" coverage="100%" />
                    <condition number="85" type="jump" coverage="100%" />
                  </conditions>
                </line>
                <line number="33" hits="1" branch="False" />
                <line number="34" hits="1" branch="False" />
                <line number="37" hits="4" branch="True" condition-coverage="75% (3/4)">
                  <conditions>
                    <condition number="106" type="jump" coverage="50%" />
                    <condition number="125" type="jump" coverage="100%" />
                  </conditions>
                </line>
                <line number="38" hits="1" branch="False" />
                <line number="39" hits="1" branch="False" />
                <line number="42" hits="3" branch="False" />
                <line number="44" hits="3" branch="False" />
                <line number="45" hits="39" branch="True" condition-coverage="100% (2/2)">
                  <conditions>
                    <condition number="284" type="jump" coverage="100%" />
                  </conditions>
                </line>
                <line number="46" hits="15" branch="False" />
                <line number="47" hits="15" branch="True" condition-coverage="100% (10/10)">
                  <conditions>
                    <condition number="183" type="jump" coverage="100%" />
                    <condition number="193" type="jump" coverage="100%" />
                    <condition number="208" type="jump" coverage="100%" />
                    <condition number="223" type="jump" coverage="100%" />
                    <condition number="246" type="jump" coverage="100%" />
                  </conditions>
                </line>
                <line number="48" hits="5" branch="False" />
                <line number="49" hits="5" branch="True" condition-coverage="100% (2/2)">
                  <conditions>
                    <condition number="263" type="jump" coverage="100%" />
                  </conditions>
                </line>
                <line number="50" hits="5" branch="False" />
                <line number="51" hits="5" branch="False" />
                <line number="52" hits="5" branch="False" />
                <line number="53" hits="5" branch="False" />
                <line number="55" hits="15" branch="False" />
                <line number="56" hits="3" branch="False" />
                <line number="57" hits="0" branch="False" />
                <line number="58" hits="0" branch="False" />
                <line number="59" hits="0" branch="False" />
                <line number="60" hits="0" branch="False" />
                <line number="61" hits="3" branch="False" />
                <line number="62" hits="3" branch="False" />
              </lines>
            </method>
            <method name="ProsjecnaPotrosnja" signature="(StedoMedo.Models.Korisnik,System.DateTime,System.DateTime,System.Collections.Generic.List`1&lt;StedoMedo.Models.KategorijaTroska&gt;)" line-rate="1" branch-rate="1" complexity="24">
              <lines>
                <line number="64" hits="9" branch="False" />
                <line number="65" hits="9" branch="True" condition-coverage="100% (2/2)">
                  <conditions>
                    <condition number="7" type="jump" coverage="100%" />
                  </conditions>
                </line>
                <line number="66" hits="1" branch="False" />
                <line number="67" hits="1" branch="False" />
                <line number="71" hits="8" branch="True" condition-coverage="100% (2/2)">
                  <conditions>
                    <condition number="35" type="jump" coverage="100%" />
                  </conditions>
                </line>
                <line number="72" hits="2" branch="False" />
                <line number="73" hits="2" branch="False" />
                <line number="76" hits="6" branch="True" condition-coverage="100% (4/4)">
                  <conditions>
                    <condition number="67" type="jump" coverage="100%" />
                    <condition number="87" type="jump" coverage="100%" />
                  </conditions>
                </line>
                <line number="77" hits="2" branch="False" />
                <line number="78" hits="2" branch="False" />
                <line number="81" hits="4" branch="True" condition-coverage="100% (4/4)">
                  <conditions>
                    <condition number="108" type="jump" coverage="100%" />
                    <condition number="127" type="jump" coverage="100%" />
                  </conditions>
                </line>
                <line number="82" hits="2" branch="False" />
                <line number="83" hits="2" branch="False" />
                <line number="86" hits="2" branch="False" />
                <line number="87" hits="2" branch="False" />
                <line number="89" hits="26" branch="True" condition-coverage="100% (2/2)">
                  <conditions>
                    <condition number="291" type="jump" coverage="100%" />
                  </conditions>
                </line>
                <line number="90" hits="10" branch="False" />
                <line number="91" hits="10" branch="True" condition-coverage="100% (10/10)">
                  <conditions>
                    <condition number="194" type="jump" coverage="100%" />
                    <condition number="204" type="jump" coverage="100%" />
                    <condition number="219" type="jump" coverage="100%" />
                    <condition number="234" type="jump" coverage="100%" />
                    <condition number="257" type="jump" coverage="100%" />
                  </conditions>
                </line>
                <line number="92" hits="3" branch="False" />
                <line number="93" hits="3" branch="False" />
                <line number="94" hits="3" branch="False" />
                <line number="95" hits="3" branch="False" />
                <line number="96" hits="10" branch="False" />
                <line number="101" hits="2" branch="False" />
                <line number="102" hits="2" branch="False" />
              </lines>
            </method>
            <method name="RaspodjelaPoKategorijama" signature="(StedoMedo.Models.Korisnik,System.DateTime,System.DateTime)" line-rate="0.7575" branch-rate="0.8" complexity="20">
              <lines>
                <line number="105" hits="6" branch="False" />
                <line number="106" hits="6" branch="True" condition-coverage="100% (2/2)">
                  <conditions>
                    <condition number="7" type="jump" coverage="100%" />
                  </conditions>
                </line>
                <line number="107" hits="1" branch="False" />
                <line number="108" hits="1" branch="False" />
                <line number="112" hits="5" branch="True" condition-coverage="100% (2/2)">
                  <conditions>
                    <condition number="35" type="jump" coverage="100%" />
                  </conditions>
                </line>
                <line number="113" hits="2" branch="False" />
                <line number="114" hits="2" branch="False" />
                <line number="117" hits="3" branch="True" condition-coverage="100% (4/4)">
                  <conditions>
                    <condition number="67" type="jump" coverage="100%" />
                    <condition number="85" type="jump" coverage="100%" />
                  </conditions>
                </line>
                <line number="118" hits="2" branch="False" />
                <line number="119" hits="2" branch="False" />
                <line number="121" hits="1" branch="False" />
                <line number="123" hits="13" branch="True" condition-coverage="100% (2/2)">
                  <conditions>
                    <condition number="324" type="jump" coverage="100%" />
                  </conditions>
                </line>
                <line number="124" hits="5" branch="False" />
                <line number="126" hits="5" branch="True" condition-coverage="62.5% (5/8)">
                  <conditions>
                    <condition number="146" type="jump" coverage="50%" />
                    <condition number="156" type="jump" coverage="50%" />
                    <condition number="171" type="jump" coverage="50%" />
                    <condition number="193" type="jump" coverage="100%" />
                  </conditions>
                </line>
                <line number="127" hits="5" branch="False" />
                <line number="129" hits="5" branch="False" />
                <line number="130" hits="5" branch="True" condition-coverage="50% (1/2)">
                  <conditions>
                    <condition number="214" type="jump" coverage="50%" />
                  </conditions>
                </line>
                <line number="131" hits="0" branch="False" />
                <line number="132" hits="0" branch="False" />
                <line number="133" hits="0" branch="False" />
                <line number="135" hits="5" branch="False" />
                <line number="136" hits="5" branch="False" />
                <line number="137" hits="5" branch="False" />
                <line number="138" hits="5" branch="False" />
                <line number="139" hits="0" branch="False" />
                <line number="140" hits="0" branch="False" />
                <line number="141" hits="0" branch="False" />
                <line number="142" hits="0" branch="False" />
                <line number="143" hits="0" branch="False" />
                <line number="145" hits="5" branch="False" />
                <line number="147" hits="5" branch="False" />
                <line number="148" hits="1" branch="False" />
                <line number="149" hits="1" branch="False" />
              </lines>
            </method>
            <method name="UkupniTrosak" signature="(StedoMedo.Models.Korisnik,System.DateTime,System.DateTime,System.Collections.Generic.List`1&lt;StedoMedo.Models.KategorijaTroska&gt;)" line-rate="0.9129999999999999" branch-rate="0.9582999999999999" complexity="24">
              <lines>
                <line number="152" hits="8" branch="False" />
                <line number="153" hits="8" branch="True" condition-coverage="50% (1/2)">
                  <conditions>
                    <condition number="7" type="jump" coverage="50%" />
                  </conditions>
                </line>
                <line number="154" hits="0" branch="False" />
                <line number="155" hits="0" branch="False" />
                <line number="159" hits="8" branch="True" condition-coverage="100% (2/2)">
                  <conditions>
                    <condition number="35" type="jump" coverage="100%" />
                  </conditions>
                </line>
                <line number="160" hits="1" branch="False" />
                <line number="161" hits="1" branch="False" />
                <line number="164" hits="7" branch="True" condition-coverage="100% (4/4)">
                  <conditions>
                    <condition number="67" type="jump" coverage="100%" />
                    <condition number="85" type="jump" coverage="100%" />
                  </conditions>
                </line>
                <line number="165" hits="1" branch="False" />
                <line number="166" hits="1" branch="False" />
                <line number="169" hits="6" branch="True" condition-coverage="100% (4/4)">
                  <conditions>
                    <condition number="106" type="jump" coverage="100%" />
                    <condition number="125" type="jump" coverage="100%" />
                  </conditions>
                </line>
                <line number="170" hits="1" branch="False" />
                <line number="171" hits="1" branch="False" />
                <line number="173" hits="5" branch="False" />
                <line number="174" hits="65" branch="True" condition-coverage="100% (2/2)">
                  <conditions>
                    <condition number="267" type="jump" coverage="100%" />
                  </conditions>
                </line>
                <line number="175" hits="25" branch="False" />
                <line number="176" hits="25" branch="True" condition-coverage="100% (10/10)">
                  <conditions>
                    <condition number="182" type="jump" coverage="100%" />
                    <condition number="192" type="jump" coverage="100%" />
                    <condition number="207" type="jump" coverage="100%" />
                    <condition number="222" type="jump" coverage="100%" />
[...]
              </lines>
            </method>
            <method name="PrikaziTroskove_SortiranjePoViseKriterija_VracaTrue" signature="()" line-rate="1" branch-rate="0.75" complexity="4">
              <lines>
                <line number="331" hits="1" branch="False" />
                <line number="332" hits="1" branch="False" />
                <line number="333" hits="1" branch="False" />
                <line number="335" hits="1" branch="False" />
                <line number="336" hits="1" branch="False" />
                <line number="337" hits="1" branch="False" />
                <line number="338" hits="1" branch="False" />
                <line number="339" hits="1" branch="False" />
                <line number="340" hits="1" branch="False" />
                <line number="341" hits="1" branch="False" />
                <line number="343" hits="1" branch="True" condition-coverage="75% (3/4)">
                  <conditions>
                    <condition number="397" type="jump" coverage="50%" />
                    <condition number="446" type="jump" coverage="100%" />
                  </conditions>
                </line>
                <line number="344" hits="1" branch="False" />
                <line number="345" hits="1" branch="False" />
                <line number="346" hits="1" branch="False" />
                <line number="347" hits="1" branch="False" />
                <line number="349" hits="1" branch="False" />
                <line number="350" hits="1" branch="False" />
                <line number="351" hits="1" branch="False" />
                <line number="352" hits="1" branch="False" />
                <line number="353" hits="1" branch="False" />
                <line number="354" hits="1" branch="False" />
                <line number="355" hits="1" branch="False" />
                <line number="356" hits="1" branch="False" />
                <line number="357" hits="1" branch="False" />
                <line number="358" hits="1" branch="False" />
                <line number="359" hits="1" branch="False" />
                <line number="360" hits="1" branch="False" />
                <line number="361" hits="1" branch="False" />
                <line number="362" hits="1" branch="False" />
              </lines>
            </method>
          </methods>
          <lines>
            <line number="18" hits="23" branch="False" />
            <line number="19" hits="23" branch="False" />
            <line number="20" hits="23" branch="False" />
            <line number="21" hits="23" branch="False" />
            <line number="22" hits="23" branch="False" />
            <line number="23" hits="23" branch="False" />
            <line number="27" hits="1" branch="False" />
            <line number="28" hits="1" branch="False" />
            <line number="30" hits="1" branch="False" />
            <line number="31" hits="1" branch="False" />
            <line number="32" hits="1" branch="False" />
            <line number="33" hits="1" branch="False" />
            <line number="34" hits="1" branch="False" />
            <line number="38" hits="1" branch="False" />
            <line number="39" hits="1" branch="False" />
            <line number="41" hits="1" branch="False" />
            <line number="43" hits="1" branch="False" />
            <line number="45" hits="1" branch="False" />
            <line number="49" hits="1" branch="False" />
            <line number="50" hits="1" branch="False" />
            <line number="51" hits="1" branch="False" />
            <line number="53" hits="1" branch="False" />
            <line number="54" hits="1" branch="False" />
            <line number="55" hits="1" branch="False" />
            <line number="56" hits="1" branch="False" />
            <line number="57" hits="1" branch="False" />
            <line number="58" hits="1" branch="False" />
            <line number="59" hits="1" branch="False" />
            <line number="60" hits="1" branch="False" />
            <line number="64" hits="1" branch="False" />
            <line number="65" hits="1" branch="False" />
            <line number="66" hits="1" branch="False" />
            <line number="68" hits="1" branch="False" />
            <line number="69" hits="1" branch="False" />
            <line number="70" hits="1" branch="False" />
            <line number="71" hits="1" branch="False" />
            <line number="72" hits="1" branch="False" />
            <line number="73" hits="1" branch="False" />
            <line number="74" hits="1" branch="False" />
            <line number="75" hits="1" branch="False" />
            <line number="76" hits="1" branch="False" />
            <line number="78" hits="1" branch="False" />
            <line number="82" hits="1" branch="False" />
            <line number="83" hits="1" branch="False" />
            <line number="84" hits="1" branch="False" />
            <line number="86" hits="1" branch="False" />
            <line number="87" hits="1" branch="False" />
            <line number="88" hits="1" branch="False" />
            <line number="92" hits="1" branch="False" />
            <line number="93" hits="1" branch="False" />
            <line number="94" hits="1" branch="False" />
            <line number="95" hits="1" branch="False" />
            <line number="97" hits="1" branch="False" />
            <line number="98" hits="1" branch="False" />
            <line number="99" hits="1" branch="False" />
            <line number="103" hits="1" branch="False" />
            <line number="104" hits="1" branch="False" />
            <line number="106" hits="1" branch="False" />
            <line number="108" hits="1" branch="False" />
            <line number="109" hits="1" branch="False" />
            <line number="110" hits="1" branch="False" />
            <line number="114" hits="1" branch="False" />
            <line number="115" hits="1" branch="False" />
            <line number="117" hits="1" branch="False" />
            <line number="118" hits="1" branch="False" />
            <line number="122" hits="1" branch="False" />
            <line number="123" hits="1" branch="False" />
            <line number="125" hits="1" branch="False" />
            <line number="127" hits="1" branch="False" />
            <line number="128" hits="1" branch="False" />
            <line number="132" hits="1" branch="False" />
            <line number="133" hits="1" branch="False" />
            <line number="135" hits="1" branch="False" />
            <line number="137" hits="1" branch="False" />
            <line number="138" hits="1" branch="False" />
            <line number="142" hits="1" branch="False" />
            <line number="143" hits="1" branch="False" />
            <line number="144" hits="1" branch="False" />
            <line number="145" hits="1" branch="False" />
            <line number="147" hits="1" branch="False" />
            <line number="148" hits="1" branch="False" />
            <line number="149" hits="1" branch="False" />
            <line number="150" hits="1" branch="False" />
            <line number="151" hits="1" branch="False" />
            <line number="152" hits="1" branch="False" />
            <line number="153" hits="1" branch="False" />
            <line number="154" hits="1" branch="False" />
            <line number="158" hits="1" branch="False" />
            <line number="159" hits="1" branch="False" />
            <line number="161" hits="1" branch="False" />
            <line number="162" hits="1" branch="False" />
            <line number="166" hits="1" branch="False" />
            <line number="167" hits="1" branch="False" />
            <line number="169" hits="1" branch="False" />
            <line number="171" hits="1" branch="False" />
            <line number="172" hits="1" branch="False" />
            <line number="176" hits="1" branch="False" />
            <line number="177" hits="1" branch="False" />
            <line number="179" hits="1" branch="False" />
            <line number="181" hits="1" branch="False" />
            <line number="182" hits="1" branch="False" />
            <line number="186" hits="1" branch="False" />
            <line number="187" hits="1" branch="False" />
            <line number="189" hits="1" branch="False" />
            <line number="190" hits="1" branch="False" />
            <line number="193" hits="1" branch="False" />
            <line number="194" hits="1" branch="False" />
            <line number="195" hits="1" branch="False" />
            <line number="197" hits="1" branch="False" />
            <line number="198" hits="1" branch="False" />
            <line number="199" hits="1" branch="False" />
            <line number="200" hits="1" branch="False" />
            <line number="201" hits="1" branch="False" />
            <line number="202" hits="1" branch="False" />
            <line number="204" hits="1" branch="False" />
            <line number="205" hits="1" branch="False" />
            <line number="206" hits="1" branch="False" />
            <line number="207" hits="1" branch="False" />
            <line number="208" hits="1" branch="False" />
            <line number="213" hits="1" branch="False" />
            <line number="214" hits="1" branch="False" />
            <line number="215" hits="1" branch="False" />
            <line number="216" hits="1" branch="False" />
            <line number="217" hits="1" branch="False" />
            <line number="218" hits="1" branch="False" />
            <line number="219" hits="1" branch="False" />
            <line number="220" hits="1" branch="False" />
            <line number="221" hits="1" branch="False" />
            <line number="222" hits="1" branch="False" />
            <line number="223" hits="1" branch="False" />
            <line number="224" hits="1" branch="False" />
            <line number="225" hits="1" branch="False" />
            <line number="226" hits="1" branch="False" />
            <line number="227" hits="1" branch="False" />
            <line number="228" hits="1" branch="False" />
            <line number="229" hits="1" branch="False" />
            <line number="230" hits="1" branch="False" />
            <line number="231" hits="1" branch="False" />
            <line number="232" hits="1" branch="False" />
            <line number="233" hits="1" branch="False" />
            <line number="234" hits="1" branch="False" />
            <line number="235" hits="1" branch="False" />
            <line number="236" hits="1" branch="False" />
            <line number="237" hits="1" branch="False" />
            <line number="238" hits="1" branch="False" />
            <line number="239" hits="1" branch="False" />
            <line number="240" hits="1" branch="False" />
            <line number="241" hits="1" branch="False" />
            <line number="242" hits="1" branch="False" />
            <line number="243" hits="1" branch="False" />
            <line number="244" hits="1" branch="False" />
            <line number="245" hits="1" branch="False" />
            <line number="246" hits="1" branch="False" />
            <line number="247" hits="1" branch="False" />
            <line number="248" hits="1" branch="False" />
            <line number="249" hits="1" branch="False" />
            <line number="250" hits="1" branch="False" />
            <line number="251" hits="1" branch="False" />
            <line number="252" hits="1" branch="False" />
            <line number="253" hits="1" branch="False" />
            <line number="254" hits="1" branch="False" />
            <line number="255" hits="1" branch="False" />
            <line number="256" hits="1" branch="False" />
            <line number="257" hits="1" branch="False" />
            <line number="258" hits="1" branch="False" />
            <line number="259" hits="1" branch="False" />
            <line number="260" hits="1" branch="False" />
            <line number="261" hits="1" branch="False" />
            <line number="262" hits="1" branch="False" />
            <line number="263" hits="1" branch="False" />
            <line number="264" hits="1" branch="False" />
            <line number="265" hits="1" branch="False" />
            <line number="266" hits="1" branch="False" />
            <line number="267" hits="1" branch="False" />
            <line number="268" hits="1" branch="False" />
            <line number="269" hits="1" branch="False" />
            <line number="270" hits="1" branch="False" />
            <line number="271" hits="1" branch="False" />
            <line number="272" hits="1" branch="False" />
            <line number="273" hits="1" branch="False" />
            <line number="274" hits="1" branch="False" />
            <line number="275" hits="1" branch="False" />
            <line number="276" hits="1" branch="False" />
            <line number="277" hits="1" branch="False" />
            <line number="278" hits="1" branch="False" />
            <line number="286" hits="5" branch="False" />
            <line number="287" hits="5" branch="False" />
            <line number="288" hits="5" branch="False" />
            <line number="290" hits="50" branch="True" condition-coverage="100% (2/2)">
              <conditions>
                <condition number="86" type="jump" coverage="100%" />
              </conditions>
            </line>
            <line number="291" hits="20" branch="False" />
            <line number="292" hits="20" branch="False" />
            <line number="293" hits="20" branch="False" />
            <line number="295" hits="5" branch="False" />
            <line number="296" hits="5" branch="False" />
            <line number="298" hits="5" branch="False" />
            <line number="299" hits="5" branch="False" />
            <line number="300" hits="5" branch="False" />
            <line number="301" hits="5" branch="False" />
            <line number="302" hits="5" branch="False" />
            <line number="306" hits="1" branch="False" />
            <line number="307" hits="1" branch="False" />
            <line number="308" hits="1" branch="False" />
            <line number="310" hits="1" branch="False" />
            <line number="311" hits="1" branch="False" />
            <line number="312" hits="1" branch="False" />
            <line number="313" hits="1" branch="False" />
            <line number="315" hits="1" branch="True" condition-coverage="100% (2/2)">
              <conditions>
                <condition number="268" type="jump" coverage="100%" />
              </conditions>
            </line>
            <line number="316" hits="1" branch="False" />
            <line number="317" hits="1" branch="False" />
            <line number="319" hits="1" branch="False" />
            <line number="320" hits="1" branch="False" />
            <line number="321" hits="1" branch="False" />
            <line number="322" hits="1" branch="False" />
            <line number="323" hits="1" branch="False" />
            <line number="324" hits="1" branch="False" />
            <line number="325" hits="1" branch="False" />
            <line number="326" hits="1" branch="False" />
            <line number="327" hits="1" branch="False" />
            <line number="331" hits="1" branch="False" />
            <line number="332" hits="1" branch="False" />
            <line number="333" hits="1" branch="False" />
            <line number="335" hits="1" branch="False" />
            <line number="336" hits="1" branch="False" />
            <line number="337" hits="1" branch="False" />
            <line number="338" hits="1" branch="False" />
            <line number="339" hits="1" branch="False" />
            <line number="340" hits="1" branch="False" />
            <line number="341" hits="1" branch="False" />
            <line number="343" hits="1" branch="True" condition-coverage="75% (3/4)">
              <conditions>
                <condition number="397" type="jump" coverage="50%" />
                <condition number="446" type="jump" coverage="100%" />
              </conditions>
            </line>
            <line number="344" hits="1" branch="False" />
            <line number="345" hits="1" branch="False" />
            <line number="346" hits="1" branch="False" />
            <line number="347" hits="1" branch="False" />
            <line number="349" hits="1" branch="False" />
            <line number="350" hits="1" branch="False" />
            <line number="351" hits="1" branch="False" />
            <line number="352" hits="1" branch="False" />
            <line number="353" hits="1" branch="False" />
            <line number="354" hits="1" branch="False" />
            <line number="355" hits="1" branch="False" />
            <line number="356" hits="1" branch="False" />
            <line number="357" hits="1" branch="False" />
            <line number="358" hits="1" branch="False" />
            <line number="359" hits="1" branch="False" />
            <line number="360" hits="1" branch="False" />
            <line number="361" hits="1" branch="False" />
            <line number="362" hits="1" branch="False" />
          </lines>
        </class>
        <class name="StedoMedoTests.TDDUredjivanjeProfilaTest" filename="Desktop\VVS\VVS-24-25-Projekat\StedoMedo\StedoMedoTests\TDDUredjivanjeProfilaTest.cs" line-rate="1" branch-rate="1" complexity="1">
          <methods>
            <method name="proba" signature="()" line-rate="1" branch-rate="1" complexity="1">
              <lines>
                <line number="17" hits="1" branch="False" />
                <line number="19" hits="1" branch="False" />
                <line number="22" hits="1" branch="False" />
                <line number="23" hits="1" branch="False" />
                <line number="24" hits="1" branch="False" />
                <line number="25" hits="1" branch="False" />
                <line number="28" hits="2" branch="False" />
                <line number="30" hits="1" branch="False" />
                <line number="31" hits="1" branch="False" />
                <line number="32" hits="1" branch="False" />
              </lines>
            </method>
          </methods>
          <lines>
            <line number="17" hits="1" branch="False" />
            <line number="19" hits="1" branch="False" />
            <line number="22" hits="1" branch="False" />
            <line number="23" hits="1" branch="False" />
            <line number="24" hits="1" branch="False" />
            <line number="25" hits="1" branch="False" />
            <line number="28" hits="2" branch="False" />
            <line number="30" hits="1" branch="False" />
            <line number="31" hits="1" branch="False" />
            <line number="32" hits="1" branch="False" />
          </lines>
        </class>
        <class name="StedoMedoTests.TrosakTest" filename="Desktop\VVS\VVS-24-25-Projekat\StedoMedo\StedoMedoTests\TrosakTest.cs" line-rate="1" branch-rate="1" complexity="1">
          <methods>
            <method name="ToStringTest" signature="()" line-rate="1" branch-rate="1" complexity="1">
              <lines>
                <line number="15" hits="1" branch="False" />
                <line number="16" hits="1" branch="False" />
                <line number="17" hits="1" branch="False" />
                <line number="18" hits="1" branch="False" />
                <line number="19" hits="1" branch="False" />
              </lines>
            </method>
          </methods>
          <lines>
            <line number="15" hits="1" branch="False" />
            <line number="16" hits="1" branch="False" />
            <line number="17" hits="1" branch="False" />
            <line number="18" hits="1" branch="False" />
            <line number="19" hits="1" branch="False" />
          </lines>
        </class>
      </classes>
    </package>
  </packages>
</coverage>